2016-08-20 18:37:57 [::1][-][-][error][yii\web\HttpException:404] exception 'yii\base\InvalidRouteException' with message 'Unable to resolve the request "services".' in E:\Project\Workspace\foresta\vendor\yiisoft\yii2\base\Module.php:460
Stack trace:
#0 E:\Project\Workspace\foresta\vendor\yiisoft\yii2\web\Application.php(87): yii\base\Module->runAction('services', Array)
#1 E:\Project\Workspace\foresta\vendor\yiisoft\yii2\base\Application.php(375): yii\web\Application->handleRequest(Object(yii\web\Request))
#2 E:\Project\Workspace\foresta\frontend\web\index.php(18): yii\base\Application->run()
#3 {main}

Next exception 'yii\web\NotFoundHttpException' with message 'Page not found.' in E:\Project\Workspace\foresta\vendor\yiisoft\yii2\web\Application.php:99
Stack trace:
#0 E:\Project\Workspace\foresta\vendor\yiisoft\yii2\base\Application.php(375): yii\web\Application->handleRequest(Object(yii\web\Request))
#1 E:\Project\Workspace\foresta\frontend\web\index.php(18): yii\base\Application->run()
#2 {main}
2016-08-20 18:37:57 [::1][-][-][info][application] $_POST = [
    'state' => '1'
    '_csrf-frontend' => 'ZkFNbmRDMDQBEGAYNRx5fSkqGj4VEFtePzl/PhMPBkw5BgwhHSt.Vg=='
]

$_COOKIE = [
    'wp-settings-time-1' => '1467973919'
    '_ga' => 'GA1.1.1229641084.1470131378'
    '_csrf-frontend' => '172609932da7bd2e8fa1533ecc0b8878fef2f2d35d5744bdfaa235c74ab940dfa:2:{i:0;s:14:\"_csrf-frontend\";i:1;s:32:\"gQ-vQ_IIOkWPqSkjYx2PwL6x_GAOyhNb\";}'
]

$_SERVER = [
    'PROCESSOR_ARCHITEW6432' => 'AMD64'
    '_FCGI_X_PIPE_' => '\\\\.\\pipe\\IISFCGI-e1592eaa-8ff9-4b2a-b809-f155603a39b4'
    'PHPRC' => 'C:\\PHP\\v5.5\\'
    'PHP_FCGI_MAX_REQUESTS' => '10000'
    'ALLUSERSPROFILE' => 'C:\\ProgramData'
    'APPDATA' => 'C:\\Windows\\system32\\config\\systemprofile\\AppData\\Roaming'
    'APP_POOL_CONFIG' => 'C:\\inetpub\\temp\\apppools\\foresta\\foresta.config'
    'APP_POOL_ID' => 'foresta'
    'asl_log' => 'Destination=file'
    'CommonProgramFiles' => 'C:\\Program Files (x86)\\Common Files'
    'CommonProgramFiles(x86)' => 'C:\\Program Files (x86)\\Common Files'
    'CommonProgramW6432' => 'C:\\Program Files\\Common Files'
    'COMPUTERNAME' => 'HA-PC'
    'ComSpec' => 'C:\\Windows\\system32\\cmd.exe'
    'C_EM64T_REDIST11' => 'C:\\Program Files (x86)\\Common Files\\Intel\\Shared Files\\cpp\\'
    'FP_NO_HOST_CHECK' => 'NO'
    'LOCALAPPDATA' => 'C:\\Windows\\system32\\config\\systemprofile\\AppData\\Local'
    'NUMBER_OF_PROCESSORS' => '4'
    'OPENSSL_CONF' => 'C:\\OpenSSL-Win64\\bin\\openssl.cfg'
    'OS' => 'Windows_NT'
    'Path' => 'C:\\Program Files (x86)\\Common Files\\Intel\\Shared Files\\cpp\\bin\\Intel64;C:\\Windows\\system32;C:\\Windows;C:\\Windows\\System32\\Wbem;C:\\Windows\\System32\\WindowsPowerShell\\v1.0\\;D:\\Driver\\Oracle\\InstallClient32;D:\\Driver\\Oracle\\instantclient_10_2;C:\\Program Files (x86)\\NVIDIA Corporation\\PhysX\\Common;C:\\PHP\\v5.5;C:\\Program Files\\nodejs\\;C:\\Program Files (x86)\\Skype\\Phone\\;C:\\Program Files\\Git\\cmd;C:\\Program Files\\TortoiseSVN\\bin;'
    'PATHEXT' => '.COM;.EXE;.BAT;.CMD;.VBS;.VBE;.JS;.JSE;.WSF;.WSH;.MSC'
    'PROCESSOR_ARCHITECTURE' => 'x86'
    'PROCESSOR_IDENTIFIER' => 'Intel64 Family 6 Model 60 Stepping 3, GenuineIntel'
    'PROCESSOR_LEVEL' => '6'
    'PROCESSOR_REVISION' => '3c03'
    'ProgramData' => 'C:\\ProgramData'
    'ProgramFiles' => 'C:\\Program Files (x86)'
    'ProgramFiles(x86)' => 'C:\\Program Files (x86)'
    'ProgramW6432' => 'C:\\Program Files'
    'PSModulePath' => 'C:\\Windows\\system32\\WindowsPowerShell\\v1.0\\Modules\\'
    'PUBLIC' => 'C:\\Users\\Public'
    'SystemDrive' => 'C:'
    'SystemRoot' => 'C:\\Windows'
    'TEMP' => 'C:\\Windows\\TEMP'
    'TMP' => 'C:\\Windows\\TEMP'
    'USERDOMAIN' => 'WORKGROUP'
    'USERNAME' => 'HA-PC$'
    'USERPROFILE' => 'C:\\Windows\\system32\\config\\systemprofile'
    'windir' => 'C:\\Windows'
    'windows_tracing_flags' => '3'
    'windows_tracing_logfile' => 'C:\\BVTBin\\Tests\\installpackage\\csilogfile.log'
    'ORIG_PATH_INFO' => '/index.php'
    'URL' => '/index.php'
    'SERVER_SOFTWARE' => 'Microsoft-IIS/7.5'
    'SERVER_PROTOCOL' => 'HTTP/1.1'
    'SERVER_PORT_SECURE' => '0'
    'SERVER_PORT' => '22225'
    'SERVER_NAME' => 'localhost'
    'SCRIPT_NAME' => '/index.php'
    'SCRIPT_FILENAME' => 'E:\\Project\\Workspace\\foresta\\frontend\\web\\index.php'
    'REQUEST_URI' => '/services'
    'REQUEST_METHOD' => 'POST'
    'REMOTE_USER' => ''
    'REMOTE_PORT' => '59725'
    'REMOTE_HOST' => '::1'
    'REMOTE_ADDR' => '::1'
    'QUERY_STRING' => ''
    'PATH_TRANSLATED' => 'E:\\Project\\Workspace\\foresta\\frontend\\web\\index.php'
    'LOGON_USER' => ''
    'LOCAL_ADDR' => '::1'
    'INSTANCE_META_PATH' => '/LM/W3SVC/36'
    'INSTANCE_NAME' => 'FORESTA'
    'INSTANCE_ID' => '36'
    'HTTPS_SERVER_SUBJECT' => ''
    'HTTPS_SERVER_ISSUER' => ''
    'HTTPS_SECRETKEYSIZE' => ''
    'HTTPS_KEYSIZE' => ''
    'HTTPS' => 'off'
    'GATEWAY_INTERFACE' => 'CGI/1.1'
    'DOCUMENT_ROOT' => 'E:\\Project\\Workspace\\foresta\\frontend\\web'
    'CONTENT_TYPE' => 'application/x-www-form-urlencoded; charset=UTF-8'
    'CONTENT_LENGTH' => '85'
    'CERT_SUBJECT' => ''
    'CERT_SERIALNUMBER' => ''
    'CERT_ISSUER' => ''
    'CERT_FLAGS' => ''
    'CERT_COOKIE' => ''
    'AUTH_USER' => ''
    'AUTH_PASSWORD' => ''
    'AUTH_TYPE' => ''
    'APPL_PHYSICAL_PATH' => 'E:\\Project\\Workspace\\foresta\\frontend\\web\\'
    'APPL_MD_PATH' => '/LM/W3SVC/36/ROOT'
    'IIS_UrlRewriteModule' => '7.1.0871.0'
    'UNENCODED_URL' => '/services'
    'IIS_WasUrlRewritten' => '1'
    'HTTP_X_ORIGINAL_URL' => '/services'
    'HTTP_X_REQUESTED_WITH' => 'XMLHttpRequest'
    'HTTP_USER_AGENT' => 'Mozilla/5.0 (Windows NT 6.1; Win64; x64; rv:47.0) Gecko/20100101 Firefox/47.0'
    'HTTP_REFERER' => 'http://localhost:22225/about'
    'HTTP_HOST' => 'localhost:22225'
    'HTTP_COOKIE' => 'wp-settings-time-1=1467973919; _ga=GA1.1.1229641084.1470131378; _csrf-frontend=172609932da7bd2e8fa1533ecc0b8878fef2f2d35d5744bdfaa235c74ab940dfa%3A2%3A%7Bi%3A0%3Bs%3A14%3A%22_csrf-frontend%22%3Bi%3A1%3Bs%3A32%3A%22gQ-vQ_IIOkWPqSkjYx2PwL6x_GAOyhNb%22%3B%7D'
    'HTTP_ACCEPT_LANGUAGE' => 'en-US,en;q=0.5'
    'HTTP_ACCEPT_ENCODING' => 'gzip, deflate'
    'HTTP_ACCEPT' => '*/*'
    'HTTP_CONTENT_TYPE' => 'application/x-www-form-urlencoded; charset=UTF-8'
    'HTTP_CONTENT_LENGTH' => '85'
    'HTTP_CONNECTION' => 'keep-alive'
    'FCGI_ROLE' => 'RESPONDER'
    'PHP_SELF' => '/index.php'
    'REQUEST_TIME_FLOAT' => 1471689477.6533
    'REQUEST_TIME' => 1471689477
]
2016-08-20 18:45:52 [::1][-][-][error][yii\web\HttpException:404] exception 'yii\base\InvalidRouteException' with message 'Unable to resolve the request "blog/index".' in E:\Project\Workspace\foresta\vendor\yiisoft\yii2\base\Module.php:460
Stack trace:
#0 E:\Project\Workspace\foresta\vendor\yiisoft\yii2\web\Application.php(87): yii\base\Module->runAction('blog/index', Array)
#1 E:\Project\Workspace\foresta\vendor\yiisoft\yii2\base\Application.php(375): yii\web\Application->handleRequest(Object(yii\web\Request))
#2 E:\Project\Workspace\foresta\frontend\web\index.php(18): yii\base\Application->run()
#3 {main}

Next exception 'yii\web\NotFoundHttpException' with message 'Page not found.' in E:\Project\Workspace\foresta\vendor\yiisoft\yii2\web\Application.php:99
Stack trace:
#0 E:\Project\Workspace\foresta\vendor\yiisoft\yii2\base\Application.php(375): yii\web\Application->handleRequest(Object(yii\web\Request))
#1 E:\Project\Workspace\foresta\frontend\web\index.php(18): yii\base\Application->run()
#2 {main}
2016-08-20 18:45:52 [::1][-][-][info][application] $_POST = [
    'state' => '1'
    '_csrf-frontend' => 'TTlQQTlsclIqaH03aDM7GwJSBxFIPxk4FEFiEU4gRCoSfhEOQAQ8MA=='
]

$_COOKIE = [
    'wp-settings-time-1' => '1467973919'
    '_ga' => 'GA1.1.1229641084.1470131378'
    '_csrf-frontend' => '172609932da7bd2e8fa1533ecc0b8878fef2f2d35d5744bdfaa235c74ab940dfa:2:{i:0;s:14:\"_csrf-frontend\";i:1;s:32:\"gQ-vQ_IIOkWPqSkjYx2PwL6x_GAOyhNb\";}'
]

$_SERVER = [
    'PROCESSOR_ARCHITEW6432' => 'AMD64'
    '_FCGI_X_PIPE_' => '\\\\.\\pipe\\IISFCGI-e1592eaa-8ff9-4b2a-b809-f155603a39b4'
    'PHPRC' => 'C:\\PHP\\v5.5\\'
    'PHP_FCGI_MAX_REQUESTS' => '10000'
    'ALLUSERSPROFILE' => 'C:\\ProgramData'
    'APPDATA' => 'C:\\Windows\\system32\\config\\systemprofile\\AppData\\Roaming'
    'APP_POOL_CONFIG' => 'C:\\inetpub\\temp\\apppools\\foresta\\foresta.config'
    'APP_POOL_ID' => 'foresta'
    'asl_log' => 'Destination=file'
    'CommonProgramFiles' => 'C:\\Program Files (x86)\\Common Files'
    'CommonProgramFiles(x86)' => 'C:\\Program Files (x86)\\Common Files'
    'CommonProgramW6432' => 'C:\\Program Files\\Common Files'
    'COMPUTERNAME' => 'HA-PC'
    'ComSpec' => 'C:\\Windows\\system32\\cmd.exe'
    'C_EM64T_REDIST11' => 'C:\\Program Files (x86)\\Common Files\\Intel\\Shared Files\\cpp\\'
    'FP_NO_HOST_CHECK' => 'NO'
    'LOCALAPPDATA' => 'C:\\Windows\\system32\\config\\systemprofile\\AppData\\Local'
    'NUMBER_OF_PROCESSORS' => '4'
    'OPENSSL_CONF' => 'C:\\OpenSSL-Win64\\bin\\openssl.cfg'
    'OS' => 'Windows_NT'
    'Path' => 'C:\\Program Files (x86)\\Common Files\\Intel\\Shared Files\\cpp\\bin\\Intel64;C:\\Windows\\system32;C:\\Windows;C:\\Windows\\System32\\Wbem;C:\\Windows\\System32\\WindowsPowerShell\\v1.0\\;D:\\Driver\\Oracle\\InstallClient32;D:\\Driver\\Oracle\\instantclient_10_2;C:\\Program Files (x86)\\NVIDIA Corporation\\PhysX\\Common;C:\\PHP\\v5.5;C:\\Program Files\\nodejs\\;C:\\Program Files (x86)\\Skype\\Phone\\;C:\\Program Files\\Git\\cmd;C:\\Program Files\\TortoiseSVN\\bin;'
    'PATHEXT' => '.COM;.EXE;.BAT;.CMD;.VBS;.VBE;.JS;.JSE;.WSF;.WSH;.MSC'
    'PROCESSOR_ARCHITECTURE' => 'x86'
    'PROCESSOR_IDENTIFIER' => 'Intel64 Family 6 Model 60 Stepping 3, GenuineIntel'
    'PROCESSOR_LEVEL' => '6'
    'PROCESSOR_REVISION' => '3c03'
    'ProgramData' => 'C:\\ProgramData'
    'ProgramFiles' => 'C:\\Program Files (x86)'
    'ProgramFiles(x86)' => 'C:\\Program Files (x86)'
    'ProgramW6432' => 'C:\\Program Files'
    'PSModulePath' => 'C:\\Windows\\system32\\WindowsPowerShell\\v1.0\\Modules\\'
    'PUBLIC' => 'C:\\Users\\Public'
    'SystemDrive' => 'C:'
    'SystemRoot' => 'C:\\Windows'
    'TEMP' => 'C:\\Windows\\TEMP'
    'TMP' => 'C:\\Windows\\TEMP'
    'USERDOMAIN' => 'WORKGROUP'
    'USERNAME' => 'HA-PC$'
    'USERPROFILE' => 'C:\\Windows\\system32\\config\\systemprofile'
    'windir' => 'C:\\Windows'
    'windows_tracing_flags' => '3'
    'windows_tracing_logfile' => 'C:\\BVTBin\\Tests\\installpackage\\csilogfile.log'
    'ORIG_PATH_INFO' => '/index.php'
    'URL' => '/index.php'
    'SERVER_SOFTWARE' => 'Microsoft-IIS/7.5'
    'SERVER_PROTOCOL' => 'HTTP/1.1'
    'SERVER_PORT_SECURE' => '0'
    'SERVER_PORT' => '22225'
    'SERVER_NAME' => 'localhost'
    'SCRIPT_NAME' => '/index.php'
    'SCRIPT_FILENAME' => 'E:\\Project\\Workspace\\foresta\\frontend\\web\\index.php'
    'REQUEST_URI' => '/blog'
    'REQUEST_METHOD' => 'POST'
    'REMOTE_USER' => ''
    'REMOTE_PORT' => '60233'
    'REMOTE_HOST' => '::1'
    'REMOTE_ADDR' => '::1'
    'QUERY_STRING' => ''
    'PATH_TRANSLATED' => 'E:\\Project\\Workspace\\foresta\\frontend\\web\\index.php'
    'LOGON_USER' => ''
    'LOCAL_ADDR' => '::1'
    'INSTANCE_META_PATH' => '/LM/W3SVC/36'
    'INSTANCE_NAME' => 'FORESTA'
    'INSTANCE_ID' => '36'
    'HTTPS_SERVER_SUBJECT' => ''
    'HTTPS_SERVER_ISSUER' => ''
    'HTTPS_SECRETKEYSIZE' => ''
    'HTTPS_KEYSIZE' => ''
    'HTTPS' => 'off'
    'GATEWAY_INTERFACE' => 'CGI/1.1'
    'DOCUMENT_ROOT' => 'E:\\Project\\Workspace\\foresta\\frontend\\web'
    'CONTENT_TYPE' => 'application/x-www-form-urlencoded; charset=UTF-8'
    'CONTENT_LENGTH' => '83'
    'CERT_SUBJECT' => ''
    'CERT_SERIALNUMBER' => ''
    'CERT_ISSUER' => ''
    'CERT_FLAGS' => ''
    'CERT_COOKIE' => ''
    'AUTH_USER' => ''
    'AUTH_PASSWORD' => ''
    'AUTH_TYPE' => ''
    'APPL_PHYSICAL_PATH' => 'E:\\Project\\Workspace\\foresta\\frontend\\web\\'
    'APPL_MD_PATH' => '/LM/W3SVC/36/ROOT'
    'IIS_UrlRewriteModule' => '7.1.0871.0'
    'UNENCODED_URL' => '/blog'
    'IIS_WasUrlRewritten' => '1'
    'HTTP_X_ORIGINAL_URL' => '/blog'
    'HTTP_X_REQUESTED_WITH' => 'XMLHttpRequest'
    'HTTP_USER_AGENT' => 'Mozilla/5.0 (Windows NT 6.1; Win64; x64; rv:47.0) Gecko/20100101 Firefox/47.0'
    'HTTP_REFERER' => 'http://localhost:22225/contact'
    'HTTP_HOST' => 'localhost:22225'
    'HTTP_COOKIE' => 'wp-settings-time-1=1467973919; _ga=GA1.1.1229641084.1470131378; _csrf-frontend=172609932da7bd2e8fa1533ecc0b8878fef2f2d35d5744bdfaa235c74ab940dfa%3A2%3A%7Bi%3A0%3Bs%3A14%3A%22_csrf-frontend%22%3Bi%3A1%3Bs%3A32%3A%22gQ-vQ_IIOkWPqSkjYx2PwL6x_GAOyhNb%22%3B%7D'
    'HTTP_ACCEPT_LANGUAGE' => 'en-US,en;q=0.5'
    'HTTP_ACCEPT_ENCODING' => 'gzip, deflate'
    'HTTP_ACCEPT' => '*/*'
    'HTTP_CONTENT_TYPE' => 'application/x-www-form-urlencoded; charset=UTF-8'
    'HTTP_CONTENT_LENGTH' => '83'
    'HTTP_CONNECTION' => 'keep-alive'
    'FCGI_ROLE' => 'RESPONDER'
    'PHP_SELF' => '/index.php'
    'REQUEST_TIME_FLOAT' => 1471689952.8614
    'REQUEST_TIME' => 1471689952
]
2016-08-20 18:45:58 [::1][-][-][error][yii\web\HttpException:404] exception 'yii\base\InvalidRouteException' with message 'Unable to resolve the request: site/projects' in E:\Project\Workspace\foresta\vendor\yiisoft\yii2\base\Controller.php:125
Stack trace:
#0 E:\Project\Workspace\foresta\vendor\yiisoft\yii2\base\Module.php(454): yii\base\Controller->runAction('projects', Array)
#1 E:\Project\Workspace\foresta\vendor\yiisoft\yii2\web\Application.php(87): yii\base\Module->runAction('site/projects', Array)
#2 E:\Project\Workspace\foresta\vendor\yiisoft\yii2\base\Application.php(375): yii\web\Application->handleRequest(Object(yii\web\Request))
#3 E:\Project\Workspace\foresta\frontend\web\index.php(18): yii\base\Application->run()
#4 {main}

Next exception 'yii\web\NotFoundHttpException' with message 'Page not found.' in E:\Project\Workspace\foresta\vendor\yiisoft\yii2\web\Application.php:99
Stack trace:
#0 E:\Project\Workspace\foresta\vendor\yiisoft\yii2\base\Application.php(375): yii\web\Application->handleRequest(Object(yii\web\Request))
#1 E:\Project\Workspace\foresta\frontend\web\index.php(18): yii\base\Application->run()
#2 {main}
2016-08-20 18:45:58 [::1][-][-][info][application] $_POST = [
    'state' => '1'
    '_csrf-frontend' => 'TTlQQTlsclIqaH03aDM7GwJSBxFIPxk4FEFiEU4gRCoSfhEOQAQ8MA=='
]

$_COOKIE = [
    'wp-settings-time-1' => '1467973919'
    '_ga' => 'GA1.1.1229641084.1470131378'
    '_csrf-frontend' => '172609932da7bd2e8fa1533ecc0b8878fef2f2d35d5744bdfaa235c74ab940dfa:2:{i:0;s:14:\"_csrf-frontend\";i:1;s:32:\"gQ-vQ_IIOkWPqSkjYx2PwL6x_GAOyhNb\";}'
]

$_SERVER = [
    'PROCESSOR_ARCHITEW6432' => 'AMD64'
    '_FCGI_X_PIPE_' => '\\\\.\\pipe\\IISFCGI-e1592eaa-8ff9-4b2a-b809-f155603a39b4'
    'PHPRC' => 'C:\\PHP\\v5.5\\'
    'PHP_FCGI_MAX_REQUESTS' => '10000'
    'ALLUSERSPROFILE' => 'C:\\ProgramData'
    'APPDATA' => 'C:\\Windows\\system32\\config\\systemprofile\\AppData\\Roaming'
    'APP_POOL_CONFIG' => 'C:\\inetpub\\temp\\apppools\\foresta\\foresta.config'
    'APP_POOL_ID' => 'foresta'
    'asl_log' => 'Destination=file'
    'CommonProgramFiles' => 'C:\\Program Files (x86)\\Common Files'
    'CommonProgramFiles(x86)' => 'C:\\Program Files (x86)\\Common Files'
    'CommonProgramW6432' => 'C:\\Program Files\\Common Files'
    'COMPUTERNAME' => 'HA-PC'
    'ComSpec' => 'C:\\Windows\\system32\\cmd.exe'
    'C_EM64T_REDIST11' => 'C:\\Program Files (x86)\\Common Files\\Intel\\Shared Files\\cpp\\'
    'FP_NO_HOST_CHECK' => 'NO'
    'LOCALAPPDATA' => 'C:\\Windows\\system32\\config\\systemprofile\\AppData\\Local'
    'NUMBER_OF_PROCESSORS' => '4'
    'OPENSSL_CONF' => 'C:\\OpenSSL-Win64\\bin\\openssl.cfg'
    'OS' => 'Windows_NT'
    'Path' => 'C:\\Program Files (x86)\\Common Files\\Intel\\Shared Files\\cpp\\bin\\Intel64;C:\\Windows\\system32;C:\\Windows;C:\\Windows\\System32\\Wbem;C:\\Windows\\System32\\WindowsPowerShell\\v1.0\\;D:\\Driver\\Oracle\\InstallClient32;D:\\Driver\\Oracle\\instantclient_10_2;C:\\Program Files (x86)\\NVIDIA Corporation\\PhysX\\Common;C:\\PHP\\v5.5;C:\\Program Files\\nodejs\\;C:\\Program Files (x86)\\Skype\\Phone\\;C:\\Program Files\\Git\\cmd;C:\\Program Files\\TortoiseSVN\\bin;'
    'PATHEXT' => '.COM;.EXE;.BAT;.CMD;.VBS;.VBE;.JS;.JSE;.WSF;.WSH;.MSC'
    'PROCESSOR_ARCHITECTURE' => 'x86'
    'PROCESSOR_IDENTIFIER' => 'Intel64 Family 6 Model 60 Stepping 3, GenuineIntel'
    'PROCESSOR_LEVEL' => '6'
    'PROCESSOR_REVISION' => '3c03'
    'ProgramData' => 'C:\\ProgramData'
    'ProgramFiles' => 'C:\\Program Files (x86)'
    'ProgramFiles(x86)' => 'C:\\Program Files (x86)'
    'ProgramW6432' => 'C:\\Program Files'
    'PSModulePath' => 'C:\\Windows\\system32\\WindowsPowerShell\\v1.0\\Modules\\'
    'PUBLIC' => 'C:\\Users\\Public'
    'SystemDrive' => 'C:'
    'SystemRoot' => 'C:\\Windows'
    'TEMP' => 'C:\\Windows\\TEMP'
    'TMP' => 'C:\\Windows\\TEMP'
    'USERDOMAIN' => 'WORKGROUP'
    'USERNAME' => 'HA-PC$'
    'USERPROFILE' => 'C:\\Windows\\system32\\config\\systemprofile'
    'windir' => 'C:\\Windows'
    'windows_tracing_flags' => '3'
    'windows_tracing_logfile' => 'C:\\BVTBin\\Tests\\installpackage\\csilogfile.log'
    'ORIG_PATH_INFO' => '/index.php'
    'URL' => '/index.php'
    'SERVER_SOFTWARE' => 'Microsoft-IIS/7.5'
    'SERVER_PROTOCOL' => 'HTTP/1.1'
    'SERVER_PORT_SECURE' => '0'
    'SERVER_PORT' => '22225'
    'SERVER_NAME' => 'localhost'
    'SCRIPT_NAME' => '/index.php'
    'SCRIPT_FILENAME' => 'E:\\Project\\Workspace\\foresta\\frontend\\web\\index.php'
    'REQUEST_URI' => '/projects'
    'REQUEST_METHOD' => 'POST'
    'REMOTE_USER' => ''
    'REMOTE_PORT' => '60233'
    'REMOTE_HOST' => '::1'
    'REMOTE_ADDR' => '::1'
    'QUERY_STRING' => ''
    'PATH_TRANSLATED' => 'E:\\Project\\Workspace\\foresta\\frontend\\web\\index.php'
    'LOGON_USER' => ''
    'LOCAL_ADDR' => '::1'
    'INSTANCE_META_PATH' => '/LM/W3SVC/36'
    'INSTANCE_NAME' => 'FORESTA'
    'INSTANCE_ID' => '36'
    'HTTPS_SERVER_SUBJECT' => ''
    'HTTPS_SERVER_ISSUER' => ''
    'HTTPS_SECRETKEYSIZE' => ''
    'HTTPS_KEYSIZE' => ''
    'HTTPS' => 'off'
    'GATEWAY_INTERFACE' => 'CGI/1.1'
    'DOCUMENT_ROOT' => 'E:\\Project\\Workspace\\foresta\\frontend\\web'
    'CONTENT_TYPE' => 'application/x-www-form-urlencoded; charset=UTF-8'
    'CONTENT_LENGTH' => '83'
    'CERT_SUBJECT' => ''
    'CERT_SERIALNUMBER' => ''
    'CERT_ISSUER' => ''
    'CERT_FLAGS' => ''
    'CERT_COOKIE' => ''
    'AUTH_USER' => ''
    'AUTH_PASSWORD' => ''
    'AUTH_TYPE' => ''
    'APPL_PHYSICAL_PATH' => 'E:\\Project\\Workspace\\foresta\\frontend\\web\\'
    'APPL_MD_PATH' => '/LM/W3SVC/36/ROOT'
    'IIS_UrlRewriteModule' => '7.1.0871.0'
    'UNENCODED_URL' => '/projects'
    'IIS_WasUrlRewritten' => '1'
    'HTTP_X_ORIGINAL_URL' => '/projects'
    'HTTP_X_REQUESTED_WITH' => 'XMLHttpRequest'
    'HTTP_USER_AGENT' => 'Mozilla/5.0 (Windows NT 6.1; Win64; x64; rv:47.0) Gecko/20100101 Firefox/47.0'
    'HTTP_REFERER' => 'http://localhost:22225/contact'
    'HTTP_HOST' => 'localhost:22225'
    'HTTP_COOKIE' => 'wp-settings-time-1=1467973919; _ga=GA1.1.1229641084.1470131378; _csrf-frontend=172609932da7bd2e8fa1533ecc0b8878fef2f2d35d5744bdfaa235c74ab940dfa%3A2%3A%7Bi%3A0%3Bs%3A14%3A%22_csrf-frontend%22%3Bi%3A1%3Bs%3A32%3A%22gQ-vQ_IIOkWPqSkjYx2PwL6x_GAOyhNb%22%3B%7D'
    'HTTP_ACCEPT_LANGUAGE' => 'en-US,en;q=0.5'
    'HTTP_ACCEPT_ENCODING' => 'gzip, deflate'
    'HTTP_ACCEPT' => '*/*'
    'HTTP_CONTENT_TYPE' => 'application/x-www-form-urlencoded; charset=UTF-8'
    'HTTP_CONTENT_LENGTH' => '83'
    'HTTP_CONNECTION' => 'keep-alive'
    'FCGI_ROLE' => 'RESPONDER'
    'PHP_SELF' => '/index.php'
    'REQUEST_TIME_FLOAT' => 1471689958.4888
    'REQUEST_TIME' => 1471689958
]
2016-08-20 18:50:06 [::1][-][-][error][yii\base\InvalidParamException] exception 'yii\base\InvalidParamException' with message 'The view file does not exist: E:\Project\Workspace\foresta\frontend\views\site\project.php' in E:\Project\Workspace\foresta\vendor\yiisoft\yii2\base\View.php:226
Stack trace:
#0 E:\Project\Workspace\foresta\vendor\yiisoft\yii2\base\View.php(149): yii\base\View->renderFile('E:\\Project\\Work...', Array, Object(frontend\controllers\SiteController))
#1 E:\Project\Workspace\foresta\vendor\yiisoft\yii2\base\Controller.php(409): yii\base\View->render('project', Array, Object(frontend\controllers\SiteController))
#2 E:\Project\Workspace\foresta\frontend\controllers\SiteController.php(70): yii\base\Controller->renderPartial('project')
#3 [internal function]: frontend\controllers\SiteController->actionProjects()
#4 E:\Project\Workspace\foresta\vendor\yiisoft\yii2\base\InlineAction.php(55): call_user_func_array(Array, Array)
#5 E:\Project\Workspace\foresta\vendor\yiisoft\yii2\base\Controller.php(154): yii\base\InlineAction->runWithParams(Array)
#6 E:\Project\Workspace\foresta\vendor\yiisoft\yii2\base\Module.php(454): yii\base\Controller->runAction('projects', Array)
#7 E:\Project\Workspace\foresta\vendor\yiisoft\yii2\web\Application.php(87): yii\base\Module->runAction('site/projects', Array)
#8 E:\Project\Workspace\foresta\vendor\yiisoft\yii2\base\Application.php(375): yii\web\Application->handleRequest(Object(yii\web\Request))
#9 E:\Project\Workspace\foresta\frontend\web\index.php(18): yii\base\Application->run()
#10 {main}
2016-08-20 18:50:06 [::1][-][-][info][application] $_POST = [
    'state' => '1'
    '_csrf-frontend' => 'eWQ2d3ZNYXgeNRsBJxIoMTYPYScHHgoSIBwEJwEBVwAmI3c4DyUvGg=='
]

$_COOKIE = [
    'wp-settings-time-1' => '1467973919'
    '_ga' => 'GA1.1.1229641084.1470131378'
    '_csrf-frontend' => '172609932da7bd2e8fa1533ecc0b8878fef2f2d35d5744bdfaa235c74ab940dfa:2:{i:0;s:14:\"_csrf-frontend\";i:1;s:32:\"gQ-vQ_IIOkWPqSkjYx2PwL6x_GAOyhNb\";}'
]

$_SERVER = [
    'PROCESSOR_ARCHITEW6432' => 'AMD64'
    '_FCGI_X_PIPE_' => '\\\\.\\pipe\\IISFCGI-e1592eaa-8ff9-4b2a-b809-f155603a39b4'
    'PHPRC' => 'C:\\PHP\\v5.5\\'
    'PHP_FCGI_MAX_REQUESTS' => '10000'
    'ALLUSERSPROFILE' => 'C:\\ProgramData'
    'APPDATA' => 'C:\\Windows\\system32\\config\\systemprofile\\AppData\\Roaming'
    'APP_POOL_CONFIG' => 'C:\\inetpub\\temp\\apppools\\foresta\\foresta.config'
    'APP_POOL_ID' => 'foresta'
    'asl_log' => 'Destination=file'
    'CommonProgramFiles' => 'C:\\Program Files (x86)\\Common Files'
    'CommonProgramFiles(x86)' => 'C:\\Program Files (x86)\\Common Files'
    'CommonProgramW6432' => 'C:\\Program Files\\Common Files'
    'COMPUTERNAME' => 'HA-PC'
    'ComSpec' => 'C:\\Windows\\system32\\cmd.exe'
    'C_EM64T_REDIST11' => 'C:\\Program Files (x86)\\Common Files\\Intel\\Shared Files\\cpp\\'
    'FP_NO_HOST_CHECK' => 'NO'
    'LOCALAPPDATA' => 'C:\\Windows\\system32\\config\\systemprofile\\AppData\\Local'
    'NUMBER_OF_PROCESSORS' => '4'
    'OPENSSL_CONF' => 'C:\\OpenSSL-Win64\\bin\\openssl.cfg'
    'OS' => 'Windows_NT'
    'Path' => 'C:\\Program Files (x86)\\Common Files\\Intel\\Shared Files\\cpp\\bin\\Intel64;C:\\Windows\\system32;C:\\Windows;C:\\Windows\\System32\\Wbem;C:\\Windows\\System32\\WindowsPowerShell\\v1.0\\;D:\\Driver\\Oracle\\InstallClient32;D:\\Driver\\Oracle\\instantclient_10_2;C:\\Program Files (x86)\\NVIDIA Corporation\\PhysX\\Common;C:\\PHP\\v5.5;C:\\Program Files\\nodejs\\;C:\\Program Files (x86)\\Skype\\Phone\\;C:\\Program Files\\Git\\cmd;C:\\Program Files\\TortoiseSVN\\bin;'
    'PATHEXT' => '.COM;.EXE;.BAT;.CMD;.VBS;.VBE;.JS;.JSE;.WSF;.WSH;.MSC'
    'PROCESSOR_ARCHITECTURE' => 'x86'
    'PROCESSOR_IDENTIFIER' => 'Intel64 Family 6 Model 60 Stepping 3, GenuineIntel'
    'PROCESSOR_LEVEL' => '6'
    'PROCESSOR_REVISION' => '3c03'
    'ProgramData' => 'C:\\ProgramData'
    'ProgramFiles' => 'C:\\Program Files (x86)'
    'ProgramFiles(x86)' => 'C:\\Program Files (x86)'
    'ProgramW6432' => 'C:\\Program Files'
    'PSModulePath' => 'C:\\Windows\\system32\\WindowsPowerShell\\v1.0\\Modules\\'
    'PUBLIC' => 'C:\\Users\\Public'
    'SystemDrive' => 'C:'
    'SystemRoot' => 'C:\\Windows'
    'TEMP' => 'C:\\Windows\\TEMP'
    'TMP' => 'C:\\Windows\\TEMP'
    'USERDOMAIN' => 'WORKGROUP'
    'USERNAME' => 'HA-PC$'
    'USERPROFILE' => 'C:\\Windows\\system32\\config\\systemprofile'
    'windir' => 'C:\\Windows'
    'windows_tracing_flags' => '3'
    'windows_tracing_logfile' => 'C:\\BVTBin\\Tests\\installpackage\\csilogfile.log'
    'ORIG_PATH_INFO' => '/index.php'
    'URL' => '/index.php'
    'SERVER_SOFTWARE' => 'Microsoft-IIS/7.5'
    'SERVER_PROTOCOL' => 'HTTP/1.1'
    'SERVER_PORT_SECURE' => '0'
    'SERVER_PORT' => '22225'
    'SERVER_NAME' => 'localhost'
    'SCRIPT_NAME' => '/index.php'
    'SCRIPT_FILENAME' => 'E:\\Project\\Workspace\\foresta\\frontend\\web\\index.php'
    'REQUEST_URI' => '/projects'
    'REQUEST_METHOD' => 'POST'
    'REMOTE_USER' => ''
    'REMOTE_PORT' => '60407'
    'REMOTE_HOST' => '::1'
    'REMOTE_ADDR' => '::1'
    'QUERY_STRING' => ''
    'PATH_TRANSLATED' => 'E:\\Project\\Workspace\\foresta\\frontend\\web\\index.php'
    'LOGON_USER' => ''
    'LOCAL_ADDR' => '::1'
    'INSTANCE_META_PATH' => '/LM/W3SVC/36'
    'INSTANCE_NAME' => 'FORESTA'
    'INSTANCE_ID' => '36'
    'HTTPS_SERVER_SUBJECT' => ''
    'HTTPS_SERVER_ISSUER' => ''
    'HTTPS_SECRETKEYSIZE' => ''
    'HTTPS_KEYSIZE' => ''
    'HTTPS' => 'off'
    'GATEWAY_INTERFACE' => 'CGI/1.1'
    'DOCUMENT_ROOT' => 'E:\\Project\\Workspace\\foresta\\frontend\\web'
    'CONTENT_TYPE' => 'application/x-www-form-urlencoded; charset=UTF-8'
    'CONTENT_LENGTH' => '83'
    'CERT_SUBJECT' => ''
    'CERT_SERIALNUMBER' => ''
    'CERT_ISSUER' => ''
    'CERT_FLAGS' => ''
    'CERT_COOKIE' => ''
    'AUTH_USER' => ''
    'AUTH_PASSWORD' => ''
    'AUTH_TYPE' => ''
    'APPL_PHYSICAL_PATH' => 'E:\\Project\\Workspace\\foresta\\frontend\\web\\'
    'APPL_MD_PATH' => '/LM/W3SVC/36/ROOT'
    'IIS_UrlRewriteModule' => '7.1.0871.0'
    'UNENCODED_URL' => '/projects'
    'IIS_WasUrlRewritten' => '1'
    'HTTP_X_ORIGINAL_URL' => '/projects'
    'HTTP_X_REQUESTED_WITH' => 'XMLHttpRequest'
    'HTTP_USER_AGENT' => 'Mozilla/5.0 (Windows NT 6.1; Win64; x64; rv:47.0) Gecko/20100101 Firefox/47.0'
    'HTTP_REFERER' => 'http://localhost:22225/contact'
    'HTTP_HOST' => 'localhost:22225'
    'HTTP_COOKIE' => 'wp-settings-time-1=1467973919; _ga=GA1.1.1229641084.1470131378; _csrf-frontend=172609932da7bd2e8fa1533ecc0b8878fef2f2d35d5744bdfaa235c74ab940dfa%3A2%3A%7Bi%3A0%3Bs%3A14%3A%22_csrf-frontend%22%3Bi%3A1%3Bs%3A32%3A%22gQ-vQ_IIOkWPqSkjYx2PwL6x_GAOyhNb%22%3B%7D'
    'HTTP_ACCEPT_LANGUAGE' => 'en-US,en;q=0.5'
    'HTTP_ACCEPT_ENCODING' => 'gzip, deflate'
    'HTTP_ACCEPT' => '*/*'
    'HTTP_CONTENT_TYPE' => 'application/x-www-form-urlencoded; charset=UTF-8'
    'HTTP_CONTENT_LENGTH' => '83'
    'HTTP_CONNECTION' => 'keep-alive'
    'FCGI_ROLE' => 'RESPONDER'
    'PHP_SELF' => '/index.php'
    'REQUEST_TIME_FLOAT' => 1471690206.2049
    'REQUEST_TIME' => 1471690206
]
2016-08-20 18:51:18 [::1][-][-][error][yii\web\HttpException:404] exception 'yii\base\InvalidRouteException' with message 'Unable to resolve the request "images/3.jpg".' in E:\Project\Workspace\foresta\vendor\yiisoft\yii2\base\Module.php:460
Stack trace:
#0 E:\Project\Workspace\foresta\vendor\yiisoft\yii2\web\Application.php(87): yii\base\Module->runAction('images/3.jpg', Array)
#1 E:\Project\Workspace\foresta\vendor\yiisoft\yii2\base\Application.php(375): yii\web\Application->handleRequest(Object(yii\web\Request))
#2 E:\Project\Workspace\foresta\frontend\web\index.php(18): yii\base\Application->run()
#3 {main}

Next exception 'yii\web\NotFoundHttpException' with message 'Page not found.' in E:\Project\Workspace\foresta\vendor\yiisoft\yii2\web\Application.php:99
Stack trace:
#0 E:\Project\Workspace\foresta\vendor\yiisoft\yii2\base\Application.php(375): yii\web\Application->handleRequest(Object(yii\web\Request))
#1 E:\Project\Workspace\foresta\frontend\web\index.php(18): yii\base\Application->run()
#2 {main}
2016-08-20 18:51:18 [::1][-][-][info][application] $_COOKIE = [
    'wp-settings-time-1' => '1467973919'
    '_ga' => 'GA1.1.1229641084.1470131378'
    '_csrf-frontend' => '172609932da7bd2e8fa1533ecc0b8878fef2f2d35d5744bdfaa235c74ab940dfa:2:{i:0;s:14:\"_csrf-frontend\";i:1;s:32:\"gQ-vQ_IIOkWPqSkjYx2PwL6x_GAOyhNb\";}'
]

$_SERVER = [
    'PROCESSOR_ARCHITEW6432' => 'AMD64'
    '_FCGI_X_PIPE_' => '\\\\.\\pipe\\IISFCGI-e1592eaa-8ff9-4b2a-b809-f155603a39b4'
    'PHPRC' => 'C:\\PHP\\v5.5\\'
    'PHP_FCGI_MAX_REQUESTS' => '10000'
    'ALLUSERSPROFILE' => 'C:\\ProgramData'
    'APPDATA' => 'C:\\Windows\\system32\\config\\systemprofile\\AppData\\Roaming'
    'APP_POOL_CONFIG' => 'C:\\inetpub\\temp\\apppools\\foresta\\foresta.config'
    'APP_POOL_ID' => 'foresta'
    'asl_log' => 'Destination=file'
    'CommonProgramFiles' => 'C:\\Program Files (x86)\\Common Files'
    'CommonProgramFiles(x86)' => 'C:\\Program Files (x86)\\Common Files'
    'CommonProgramW6432' => 'C:\\Program Files\\Common Files'
    'COMPUTERNAME' => 'HA-PC'
    'ComSpec' => 'C:\\Windows\\system32\\cmd.exe'
    'C_EM64T_REDIST11' => 'C:\\Program Files (x86)\\Common Files\\Intel\\Shared Files\\cpp\\'
    'FP_NO_HOST_CHECK' => 'NO'
    'LOCALAPPDATA' => 'C:\\Windows\\system32\\config\\systemprofile\\AppData\\Local'
    'NUMBER_OF_PROCESSORS' => '4'
    'OPENSSL_CONF' => 'C:\\OpenSSL-Win64\\bin\\openssl.cfg'
    'OS' => 'Windows_NT'
    'Path' => 'C:\\Program Files (x86)\\Common Files\\Intel\\Shared Files\\cpp\\bin\\Intel64;C:\\Windows\\system32;C:\\Windows;C:\\Windows\\System32\\Wbem;C:\\Windows\\System32\\WindowsPowerShell\\v1.0\\;D:\\Driver\\Oracle\\InstallClient32;D:\\Driver\\Oracle\\instantclient_10_2;C:\\Program Files (x86)\\NVIDIA Corporation\\PhysX\\Common;C:\\PHP\\v5.5;C:\\Program Files\\nodejs\\;C:\\Program Files (x86)\\Skype\\Phone\\;C:\\Program Files\\Git\\cmd;C:\\Program Files\\TortoiseSVN\\bin;'
    'PATHEXT' => '.COM;.EXE;.BAT;.CMD;.VBS;.VBE;.JS;.JSE;.WSF;.WSH;.MSC'
    'PROCESSOR_ARCHITECTURE' => 'x86'
    'PROCESSOR_IDENTIFIER' => 'Intel64 Family 6 Model 60 Stepping 3, GenuineIntel'
    'PROCESSOR_LEVEL' => '6'
    'PROCESSOR_REVISION' => '3c03'
    'ProgramData' => 'C:\\ProgramData'
    'ProgramFiles' => 'C:\\Program Files (x86)'
    'ProgramFiles(x86)' => 'C:\\Program Files (x86)'
    'ProgramW6432' => 'C:\\Program Files'
    'PSModulePath' => 'C:\\Windows\\system32\\WindowsPowerShell\\v1.0\\Modules\\'
    'PUBLIC' => 'C:\\Users\\Public'
    'SystemDrive' => 'C:'
    'SystemRoot' => 'C:\\Windows'
    'TEMP' => 'C:\\Windows\\TEMP'
    'TMP' => 'C:\\Windows\\TEMP'
    'USERDOMAIN' => 'WORKGROUP'
    'USERNAME' => 'HA-PC$'
    'USERPROFILE' => 'C:\\Windows\\system32\\config\\systemprofile'
    'windir' => 'C:\\Windows'
    'windows_tracing_flags' => '3'
    'windows_tracing_logfile' => 'C:\\BVTBin\\Tests\\installpackage\\csilogfile.log'
    'ORIG_PATH_INFO' => '/index.php'
    'URL' => '/index.php'
    'SERVER_SOFTWARE' => 'Microsoft-IIS/7.5'
    'SERVER_PROTOCOL' => 'HTTP/1.1'
    'SERVER_PORT_SECURE' => '0'
    'SERVER_PORT' => '22225'
    'SERVER_NAME' => 'localhost'
    'SCRIPT_NAME' => '/index.php'
    'SCRIPT_FILENAME' => 'E:\\Project\\Workspace\\foresta\\frontend\\web\\index.php'
    'REQUEST_URI' => '/images/3.jpg'
    'REQUEST_METHOD' => 'GET'
    'REMOTE_USER' => ''
    'REMOTE_PORT' => '60407'
    'REMOTE_HOST' => '::1'
    'REMOTE_ADDR' => '::1'
    'QUERY_STRING' => ''
    'PATH_TRANSLATED' => 'E:\\Project\\Workspace\\foresta\\frontend\\web\\index.php'
    'LOGON_USER' => ''
    'LOCAL_ADDR' => '::1'
    'INSTANCE_META_PATH' => '/LM/W3SVC/36'
    'INSTANCE_NAME' => 'FORESTA'
    'INSTANCE_ID' => '36'
    'HTTPS_SERVER_SUBJECT' => ''
    'HTTPS_SERVER_ISSUER' => ''
    'HTTPS_SECRETKEYSIZE' => ''
    'HTTPS_KEYSIZE' => ''
    'HTTPS' => 'off'
    'GATEWAY_INTERFACE' => 'CGI/1.1'
    'DOCUMENT_ROOT' => 'E:\\Project\\Workspace\\foresta\\frontend\\web'
    'CONTENT_TYPE' => ''
    'CONTENT_LENGTH' => '0'
    'CERT_SUBJECT' => ''
    'CERT_SERIALNUMBER' => ''
    'CERT_ISSUER' => ''
    'CERT_FLAGS' => ''
    'CERT_COOKIE' => ''
    'AUTH_USER' => ''
    'AUTH_PASSWORD' => ''
    'AUTH_TYPE' => ''
    'APPL_PHYSICAL_PATH' => 'E:\\Project\\Workspace\\foresta\\frontend\\web\\'
    'APPL_MD_PATH' => '/LM/W3SVC/36/ROOT'
    'IIS_UrlRewriteModule' => '7.1.0871.0'
    'UNENCODED_URL' => '/images/3.jpg'
    'IIS_WasUrlRewritten' => '1'
    'HTTP_X_ORIGINAL_URL' => '/images/3.jpg'
    'HTTP_USER_AGENT' => 'Mozilla/5.0 (Windows NT 6.1; Win64; x64; rv:47.0) Gecko/20100101 Firefox/47.0'
    'HTTP_REFERER' => 'http://localhost:22225/projects'
    'HTTP_HOST' => 'localhost:22225'
    'HTTP_COOKIE' => 'wp-settings-time-1=1467973919; _ga=GA1.1.1229641084.1470131378; _csrf-frontend=172609932da7bd2e8fa1533ecc0b8878fef2f2d35d5744bdfaa235c74ab940dfa%3A2%3A%7Bi%3A0%3Bs%3A14%3A%22_csrf-frontend%22%3Bi%3A1%3Bs%3A32%3A%22gQ-vQ_IIOkWPqSkjYx2PwL6x_GAOyhNb%22%3B%7D'
    'HTTP_ACCEPT_LANGUAGE' => 'en-US,en;q=0.5'
    'HTTP_ACCEPT_ENCODING' => 'gzip, deflate'
    'HTTP_ACCEPT' => '*/*'
    'HTTP_CONTENT_LENGTH' => '0'
    'HTTP_CONNECTION' => 'keep-alive'
    'FCGI_ROLE' => 'RESPONDER'
    'PHP_SELF' => '/index.php'
    'REQUEST_TIME_FLOAT' => 1471690278.5381
    'REQUEST_TIME' => 1471690278
]
2016-08-20 18:52:31 [::1][-][-][error][yii\web\HttpException:404] exception 'yii\base\InvalidRouteException' with message 'Unable to resolve the request "images/3.jpg".' in E:\Project\Workspace\foresta\vendor\yiisoft\yii2\base\Module.php:460
Stack trace:
#0 E:\Project\Workspace\foresta\vendor\yiisoft\yii2\web\Application.php(87): yii\base\Module->runAction('images/3.jpg', Array)
#1 E:\Project\Workspace\foresta\vendor\yiisoft\yii2\base\Application.php(375): yii\web\Application->handleRequest(Object(yii\web\Request))
#2 E:\Project\Workspace\foresta\frontend\web\index.php(18): yii\base\Application->run()
#3 {main}

Next exception 'yii\web\NotFoundHttpException' with message 'Page not found.' in E:\Project\Workspace\foresta\vendor\yiisoft\yii2\web\Application.php:99
Stack trace:
#0 E:\Project\Workspace\foresta\vendor\yiisoft\yii2\base\Application.php(375): yii\web\Application->handleRequest(Object(yii\web\Request))
#1 E:\Project\Workspace\foresta\frontend\web\index.php(18): yii\base\Application->run()
#2 {main}
2016-08-20 18:52:31 [::1][-][-][info][application] $_COOKIE = [
    'wp-settings-time-1' => '1467973919'
    '_ga' => 'GA1.1.1229641084.1470131378'
    '_csrf-frontend' => '172609932da7bd2e8fa1533ecc0b8878fef2f2d35d5744bdfaa235c74ab940dfa:2:{i:0;s:14:\"_csrf-frontend\";i:1;s:32:\"gQ-vQ_IIOkWPqSkjYx2PwL6x_GAOyhNb\";}'
]

$_SERVER = [
    'PROCESSOR_ARCHITEW6432' => 'AMD64'
    '_FCGI_X_PIPE_' => '\\\\.\\pipe\\IISFCGI-e1592eaa-8ff9-4b2a-b809-f155603a39b4'
    'PHPRC' => 'C:\\PHP\\v5.5\\'
    'PHP_FCGI_MAX_REQUESTS' => '10000'
    'ALLUSERSPROFILE' => 'C:\\ProgramData'
    'APPDATA' => 'C:\\Windows\\system32\\config\\systemprofile\\AppData\\Roaming'
    'APP_POOL_CONFIG' => 'C:\\inetpub\\temp\\apppools\\foresta\\foresta.config'
    'APP_POOL_ID' => 'foresta'
    'asl_log' => 'Destination=file'
    'CommonProgramFiles' => 'C:\\Program Files (x86)\\Common Files'
    'CommonProgramFiles(x86)' => 'C:\\Program Files (x86)\\Common Files'
    'CommonProgramW6432' => 'C:\\Program Files\\Common Files'
    'COMPUTERNAME' => 'HA-PC'
    'ComSpec' => 'C:\\Windows\\system32\\cmd.exe'
    'C_EM64T_REDIST11' => 'C:\\Program Files (x86)\\Common Files\\Intel\\Shared Files\\cpp\\'
    'FP_NO_HOST_CHECK' => 'NO'
    'LOCALAPPDATA' => 'C:\\Windows\\system32\\config\\systemprofile\\AppData\\Local'
    'NUMBER_OF_PROCESSORS' => '4'
    'OPENSSL_CONF' => 'C:\\OpenSSL-Win64\\bin\\openssl.cfg'
    'OS' => 'Windows_NT'
    'Path' => 'C:\\Program Files (x86)\\Common Files\\Intel\\Shared Files\\cpp\\bin\\Intel64;C:\\Windows\\system32;C:\\Windows;C:\\Windows\\System32\\Wbem;C:\\Windows\\System32\\WindowsPowerShell\\v1.0\\;D:\\Driver\\Oracle\\InstallClient32;D:\\Driver\\Oracle\\instantclient_10_2;C:\\Program Files (x86)\\NVIDIA Corporation\\PhysX\\Common;C:\\PHP\\v5.5;C:\\Program Files\\nodejs\\;C:\\Program Files (x86)\\Skype\\Phone\\;C:\\Program Files\\Git\\cmd;C:\\Program Files\\TortoiseSVN\\bin;'
    'PATHEXT' => '.COM;.EXE;.BAT;.CMD;.VBS;.VBE;.JS;.JSE;.WSF;.WSH;.MSC'
    'PROCESSOR_ARCHITECTURE' => 'x86'
    'PROCESSOR_IDENTIFIER' => 'Intel64 Family 6 Model 60 Stepping 3, GenuineIntel'
    'PROCESSOR_LEVEL' => '6'
    'PROCESSOR_REVISION' => '3c03'
    'ProgramData' => 'C:\\ProgramData'
    'ProgramFiles' => 'C:\\Program Files (x86)'
    'ProgramFiles(x86)' => 'C:\\Program Files (x86)'
    'ProgramW6432' => 'C:\\Program Files'
    'PSModulePath' => 'C:\\Windows\\system32\\WindowsPowerShell\\v1.0\\Modules\\'
    'PUBLIC' => 'C:\\Users\\Public'
    'SystemDrive' => 'C:'
    'SystemRoot' => 'C:\\Windows'
    'TEMP' => 'C:\\Windows\\TEMP'
    'TMP' => 'C:\\Windows\\TEMP'
    'USERDOMAIN' => 'WORKGROUP'
    'USERNAME' => 'HA-PC$'
    'USERPROFILE' => 'C:\\Windows\\system32\\config\\systemprofile'
    'windir' => 'C:\\Windows'
    'windows_tracing_flags' => '3'
    'windows_tracing_logfile' => 'C:\\BVTBin\\Tests\\installpackage\\csilogfile.log'
    'ORIG_PATH_INFO' => '/index.php'
    'URL' => '/index.php'
    'SERVER_SOFTWARE' => 'Microsoft-IIS/7.5'
    'SERVER_PROTOCOL' => 'HTTP/1.1'
    'SERVER_PORT_SECURE' => '0'
    'SERVER_PORT' => '22225'
    'SERVER_NAME' => 'localhost'
    'SCRIPT_NAME' => '/index.php'
    'SCRIPT_FILENAME' => 'E:\\Project\\Workspace\\foresta\\frontend\\web\\index.php'
    'REQUEST_URI' => '/images/3.jpg'
    'REQUEST_METHOD' => 'GET'
    'REMOTE_USER' => ''
    'REMOTE_PORT' => '60407'
    'REMOTE_HOST' => '::1'
    'REMOTE_ADDR' => '::1'
    'QUERY_STRING' => ''
    'PATH_TRANSLATED' => 'E:\\Project\\Workspace\\foresta\\frontend\\web\\index.php'
    'LOGON_USER' => ''
    'LOCAL_ADDR' => '::1'
    'INSTANCE_META_PATH' => '/LM/W3SVC/36'
    'INSTANCE_NAME' => 'FORESTA'
    'INSTANCE_ID' => '36'
    'HTTPS_SERVER_SUBJECT' => ''
    'HTTPS_SERVER_ISSUER' => ''
    'HTTPS_SECRETKEYSIZE' => ''
    'HTTPS_KEYSIZE' => ''
    'HTTPS' => 'off'
    'GATEWAY_INTERFACE' => 'CGI/1.1'
    'DOCUMENT_ROOT' => 'E:\\Project\\Workspace\\foresta\\frontend\\web'
    'CONTENT_TYPE' => ''
    'CONTENT_LENGTH' => '0'
    'CERT_SUBJECT' => ''
    'CERT_SERIALNUMBER' => ''
    'CERT_ISSUER' => ''
    'CERT_FLAGS' => ''
    'CERT_COOKIE' => ''
    'AUTH_USER' => ''
    'AUTH_PASSWORD' => ''
    'AUTH_TYPE' => ''
    'APPL_PHYSICAL_PATH' => 'E:\\Project\\Workspace\\foresta\\frontend\\web\\'
    'APPL_MD_PATH' => '/LM/W3SVC/36/ROOT'
    'IIS_UrlRewriteModule' => '7.1.0871.0'
    'UNENCODED_URL' => '/images/3.jpg'
    'IIS_WasUrlRewritten' => '1'
    'HTTP_X_ORIGINAL_URL' => '/images/3.jpg'
    'HTTP_USER_AGENT' => 'Mozilla/5.0 (Windows NT 6.1; Win64; x64; rv:47.0) Gecko/20100101 Firefox/47.0'
    'HTTP_REFERER' => 'http://localhost:22225/services'
    'HTTP_HOST' => 'localhost:22225'
    'HTTP_COOKIE' => 'wp-settings-time-1=1467973919; _ga=GA1.1.1229641084.1470131378; _csrf-frontend=172609932da7bd2e8fa1533ecc0b8878fef2f2d35d5744bdfaa235c74ab940dfa%3A2%3A%7Bi%3A0%3Bs%3A14%3A%22_csrf-frontend%22%3Bi%3A1%3Bs%3A32%3A%22gQ-vQ_IIOkWPqSkjYx2PwL6x_GAOyhNb%22%3B%7D'
    'HTTP_ACCEPT_LANGUAGE' => 'en-US,en;q=0.5'
    'HTTP_ACCEPT_ENCODING' => 'gzip, deflate'
    'HTTP_ACCEPT' => '*/*'
    'HTTP_CONTENT_LENGTH' => '0'
    'HTTP_CONNECTION' => 'keep-alive'
    'FCGI_ROLE' => 'RESPONDER'
    'PHP_SELF' => '/index.php'
    'REQUEST_TIME_FLOAT' => 1471690351.5742
    'REQUEST_TIME' => 1471690351
]
2016-08-20 18:52:37 [::1][-][-][error][yii\web\HttpException:404] exception 'yii\base\InvalidRouteException' with message 'Unable to resolve the request "blog/index".' in E:\Project\Workspace\foresta\vendor\yiisoft\yii2\base\Module.php:460
Stack trace:
#0 E:\Project\Workspace\foresta\vendor\yiisoft\yii2\web\Application.php(87): yii\base\Module->runAction('blog/index', Array)
#1 E:\Project\Workspace\foresta\vendor\yiisoft\yii2\base\Application.php(375): yii\web\Application->handleRequest(Object(yii\web\Request))
#2 E:\Project\Workspace\foresta\frontend\web\index.php(18): yii\base\Application->run()
#3 {main}

Next exception 'yii\web\NotFoundHttpException' with message 'Page not found.' in E:\Project\Workspace\foresta\vendor\yiisoft\yii2\web\Application.php:99
Stack trace:
#0 E:\Project\Workspace\foresta\vendor\yiisoft\yii2\base\Application.php(375): yii\web\Application->handleRequest(Object(yii\web\Request))
#1 E:\Project\Workspace\foresta\frontend\web\index.php(18): yii\base\Application->run()
#2 {main}
2016-08-20 18:52:37 [::1][-][-][info][application] $_POST = [
    'state' => '1'
    '_csrf-frontend' => 'UnQ2WVRVREY1JRsvBQoNDx0fYQklBi8sCwwECSMZcj4NM3cWLT0KJA=='
]

$_COOKIE = [
    'wp-settings-time-1' => '1467973919'
    '_ga' => 'GA1.1.1229641084.1470131378'
    '_csrf-frontend' => '172609932da7bd2e8fa1533ecc0b8878fef2f2d35d5744bdfaa235c74ab940dfa:2:{i:0;s:14:\"_csrf-frontend\";i:1;s:32:\"gQ-vQ_IIOkWPqSkjYx2PwL6x_GAOyhNb\";}'
]

$_SERVER = [
    'PROCESSOR_ARCHITEW6432' => 'AMD64'
    '_FCGI_X_PIPE_' => '\\\\.\\pipe\\IISFCGI-e1592eaa-8ff9-4b2a-b809-f155603a39b4'
    'PHPRC' => 'C:\\PHP\\v5.5\\'
    'PHP_FCGI_MAX_REQUESTS' => '10000'
    'ALLUSERSPROFILE' => 'C:\\ProgramData'
    'APPDATA' => 'C:\\Windows\\system32\\config\\systemprofile\\AppData\\Roaming'
    'APP_POOL_CONFIG' => 'C:\\inetpub\\temp\\apppools\\foresta\\foresta.config'
    'APP_POOL_ID' => 'foresta'
    'asl_log' => 'Destination=file'
    'CommonProgramFiles' => 'C:\\Program Files (x86)\\Common Files'
    'CommonProgramFiles(x86)' => 'C:\\Program Files (x86)\\Common Files'
    'CommonProgramW6432' => 'C:\\Program Files\\Common Files'
    'COMPUTERNAME' => 'HA-PC'
    'ComSpec' => 'C:\\Windows\\system32\\cmd.exe'
    'C_EM64T_REDIST11' => 'C:\\Program Files (x86)\\Common Files\\Intel\\Shared Files\\cpp\\'
    'FP_NO_HOST_CHECK' => 'NO'
    'LOCALAPPDATA' => 'C:\\Windows\\system32\\config\\systemprofile\\AppData\\Local'
    'NUMBER_OF_PROCESSORS' => '4'
    'OPENSSL_CONF' => 'C:\\OpenSSL-Win64\\bin\\openssl.cfg'
    'OS' => 'Windows_NT'
    'Path' => 'C:\\Program Files (x86)\\Common Files\\Intel\\Shared Files\\cpp\\bin\\Intel64;C:\\Windows\\system32;C:\\Windows;C:\\Windows\\System32\\Wbem;C:\\Windows\\System32\\WindowsPowerShell\\v1.0\\;D:\\Driver\\Oracle\\InstallClient32;D:\\Driver\\Oracle\\instantclient_10_2;C:\\Program Files (x86)\\NVIDIA Corporation\\PhysX\\Common;C:\\PHP\\v5.5;C:\\Program Files\\nodejs\\;C:\\Program Files (x86)\\Skype\\Phone\\;C:\\Program Files\\Git\\cmd;C:\\Program Files\\TortoiseSVN\\bin;'
    'PATHEXT' => '.COM;.EXE;.BAT;.CMD;.VBS;.VBE;.JS;.JSE;.WSF;.WSH;.MSC'
    'PROCESSOR_ARCHITECTURE' => 'x86'
    'PROCESSOR_IDENTIFIER' => 'Intel64 Family 6 Model 60 Stepping 3, GenuineIntel'
    'PROCESSOR_LEVEL' => '6'
    'PROCESSOR_REVISION' => '3c03'
    'ProgramData' => 'C:\\ProgramData'
    'ProgramFiles' => 'C:\\Program Files (x86)'
    'ProgramFiles(x86)' => 'C:\\Program Files (x86)'
    'ProgramW6432' => 'C:\\Program Files'
    'PSModulePath' => 'C:\\Windows\\system32\\WindowsPowerShell\\v1.0\\Modules\\'
    'PUBLIC' => 'C:\\Users\\Public'
    'SystemDrive' => 'C:'
    'SystemRoot' => 'C:\\Windows'
    'TEMP' => 'C:\\Windows\\TEMP'
    'TMP' => 'C:\\Windows\\TEMP'
    'USERDOMAIN' => 'WORKGROUP'
    'USERNAME' => 'HA-PC$'
    'USERPROFILE' => 'C:\\Windows\\system32\\config\\systemprofile'
    'windir' => 'C:\\Windows'
    'windows_tracing_flags' => '3'
    'windows_tracing_logfile' => 'C:\\BVTBin\\Tests\\installpackage\\csilogfile.log'
    'ORIG_PATH_INFO' => '/index.php'
    'URL' => '/index.php'
    'SERVER_SOFTWARE' => 'Microsoft-IIS/7.5'
    'SERVER_PROTOCOL' => 'HTTP/1.1'
    'SERVER_PORT_SECURE' => '0'
    'SERVER_PORT' => '22225'
    'SERVER_NAME' => 'localhost'
    'SCRIPT_NAME' => '/index.php'
    'SCRIPT_FILENAME' => 'E:\\Project\\Workspace\\foresta\\frontend\\web\\index.php'
    'REQUEST_URI' => '/blog'
    'REQUEST_METHOD' => 'POST'
    'REMOTE_USER' => ''
    'REMOTE_PORT' => '60407'
    'REMOTE_HOST' => '::1'
    'REMOTE_ADDR' => '::1'
    'QUERY_STRING' => ''
    'PATH_TRANSLATED' => 'E:\\Project\\Workspace\\foresta\\frontend\\web\\index.php'
    'LOGON_USER' => ''
    'LOCAL_ADDR' => '::1'
    'INSTANCE_META_PATH' => '/LM/W3SVC/36'
    'INSTANCE_NAME' => 'FORESTA'
    'INSTANCE_ID' => '36'
    'HTTPS_SERVER_SUBJECT' => ''
    'HTTPS_SERVER_ISSUER' => ''
    'HTTPS_SECRETKEYSIZE' => ''
    'HTTPS_KEYSIZE' => ''
    'HTTPS' => 'off'
    'GATEWAY_INTERFACE' => 'CGI/1.1'
    'DOCUMENT_ROOT' => 'E:\\Project\\Workspace\\foresta\\frontend\\web'
    'CONTENT_TYPE' => 'application/x-www-form-urlencoded; charset=UTF-8'
    'CONTENT_LENGTH' => '83'
    'CERT_SUBJECT' => ''
    'CERT_SERIALNUMBER' => ''
    'CERT_ISSUER' => ''
    'CERT_FLAGS' => ''
    'CERT_COOKIE' => ''
    'AUTH_USER' => ''
    'AUTH_PASSWORD' => ''
    'AUTH_TYPE' => ''
    'APPL_PHYSICAL_PATH' => 'E:\\Project\\Workspace\\foresta\\frontend\\web\\'
    'APPL_MD_PATH' => '/LM/W3SVC/36/ROOT'
    'IIS_UrlRewriteModule' => '7.1.0871.0'
    'UNENCODED_URL' => '/blog'
    'IIS_WasUrlRewritten' => '1'
    'HTTP_X_ORIGINAL_URL' => '/blog'
    'HTTP_X_REQUESTED_WITH' => 'XMLHttpRequest'
    'HTTP_USER_AGENT' => 'Mozilla/5.0 (Windows NT 6.1; Win64; x64; rv:47.0) Gecko/20100101 Firefox/47.0'
    'HTTP_REFERER' => 'http://localhost:22225/projects'
    'HTTP_HOST' => 'localhost:22225'
    'HTTP_COOKIE' => 'wp-settings-time-1=1467973919; _ga=GA1.1.1229641084.1470131378; _csrf-frontend=172609932da7bd2e8fa1533ecc0b8878fef2f2d35d5744bdfaa235c74ab940dfa%3A2%3A%7Bi%3A0%3Bs%3A14%3A%22_csrf-frontend%22%3Bi%3A1%3Bs%3A32%3A%22gQ-vQ_IIOkWPqSkjYx2PwL6x_GAOyhNb%22%3B%7D'
    'HTTP_ACCEPT_LANGUAGE' => 'en-US,en;q=0.5'
    'HTTP_ACCEPT_ENCODING' => 'gzip, deflate'
    'HTTP_ACCEPT' => '*/*'
    'HTTP_CONTENT_TYPE' => 'application/x-www-form-urlencoded; charset=UTF-8'
    'HTTP_CONTENT_LENGTH' => '83'
    'HTTP_CONNECTION' => 'keep-alive'
    'FCGI_ROLE' => 'RESPONDER'
    'PHP_SELF' => '/index.php'
    'REQUEST_TIME_FLOAT' => 1471690357.7836
    'REQUEST_TIME' => 1471690357
]
2016-08-25 20:13:27 [::1][-][-][error][yii\web\HttpException:404] exception 'yii\base\InvalidRouteException' with message 'Unable to resolve the request "images/3.jpg".' in E:\Project\Workspace\foresta\vendor\yiisoft\yii2\base\Module.php:460
Stack trace:
#0 E:\Project\Workspace\foresta\vendor\yiisoft\yii2\web\Application.php(87): yii\base\Module->runAction('images/3.jpg', Array)
#1 E:\Project\Workspace\foresta\vendor\yiisoft\yii2\base\Application.php(375): yii\web\Application->handleRequest(Object(yii\web\Request))
#2 E:\Project\Workspace\foresta\frontend\web\index.php(18): yii\base\Application->run()
#3 {main}

Next exception 'yii\web\NotFoundHttpException' with message 'Page not found.' in E:\Project\Workspace\foresta\vendor\yiisoft\yii2\web\Application.php:99
Stack trace:
#0 E:\Project\Workspace\foresta\vendor\yiisoft\yii2\base\Application.php(375): yii\web\Application->handleRequest(Object(yii\web\Request))
#1 E:\Project\Workspace\foresta\frontend\web\index.php(18): yii\base\Application->run()
#2 {main}
2016-08-25 20:13:27 [::1][-][-][info][application] $_COOKIE = [
    'wp-settings-time-1' => '1467973919'
    '_ga' => 'GA1.1.1229641084.1470131378'
    'PHPSESSID' => 'hpiui335q3a4tqk97qajpis2n3'
    '_csrf' => '3a26699ab732e9178e109d8b9d53d2d6a6fd012b402d7e77ea617779f8386f98a:2:{i:0;s:5:\"_csrf\";i:1;s:32:\"8PO0O7wQib2TJDn99YC13H06h68zOPDL\";}'
    '_csrf-frontend' => '123b38ab514b68a069643cd47f6e170910dc2f1da3f07dab5c6910887cd1c777a:2:{i:0;s:14:\"_csrf-frontend\";i:1;s:32:\"s2QU3jxLYIsQkIbpLRhMZljAe4uN7MPw\";}'
]

$_SERVER = [
    'PROCESSOR_ARCHITEW6432' => 'AMD64'
    '_FCGI_X_PIPE_' => '\\\\.\\pipe\\IISFCGI-451ba7ee-669b-44f5-bb63-c4faae631580'
    'PHPRC' => 'C:\\PHP\\v5.5\\'
    'PHP_FCGI_MAX_REQUESTS' => '10000'
    'ALLUSERSPROFILE' => 'C:\\ProgramData'
    'APPDATA' => 'C:\\Windows\\system32\\config\\systemprofile\\AppData\\Roaming'
    'APP_POOL_CONFIG' => 'C:\\inetpub\\temp\\apppools\\foresta\\foresta.config'
    'APP_POOL_ID' => 'foresta'
    'asl_log' => 'Destination=file'
    'CommonProgramFiles' => 'C:\\Program Files (x86)\\Common Files'
    'CommonProgramFiles(x86)' => 'C:\\Program Files (x86)\\Common Files'
    'CommonProgramW6432' => 'C:\\Program Files\\Common Files'
    'COMPUTERNAME' => 'HA-PC'
    'ComSpec' => 'C:\\Windows\\system32\\cmd.exe'
    'C_EM64T_REDIST11' => 'C:\\Program Files (x86)\\Common Files\\Intel\\Shared Files\\cpp\\'
    'FP_NO_HOST_CHECK' => 'NO'
    'LOCALAPPDATA' => 'C:\\Windows\\system32\\config\\systemprofile\\AppData\\Local'
    'NUMBER_OF_PROCESSORS' => '4'
    'OPENSSL_CONF' => 'C:\\OpenSSL-Win64\\bin\\openssl.cfg'
    'OS' => 'Windows_NT'
    'Path' => 'C:\\Program Files (x86)\\Common Files\\Intel\\Shared Files\\cpp\\bin\\Intel64;C:\\Windows\\system32;C:\\Windows;C:\\Windows\\System32\\Wbem;C:\\Windows\\System32\\WindowsPowerShell\\v1.0\\;D:\\Driver\\Oracle\\InstallClient32;D:\\Driver\\Oracle\\instantclient_10_2;C:\\Program Files (x86)\\NVIDIA Corporation\\PhysX\\Common;C:\\PHP\\v5.5;C:\\Program Files\\nodejs\\;C:\\Program Files (x86)\\Skype\\Phone\\;C:\\Program Files\\Git\\cmd;C:\\Program Files\\TortoiseSVN\\bin;C:\\Program Files (x86)\\Microsoft SQL Server\\100\\Tools\\Binn\\;C:\\Program Files (x86)\\Microsoft SQL Server\\100\\DTS\\Binn\\;C:\\Program Files (x86)\\Microsoft SQL Server\\100\\Tools\\Binn\\VSShell\\Common7\\IDE\\'
    'PATHEXT' => '.COM;.EXE;.BAT;.CMD;.VBS;.VBE;.JS;.JSE;.WSF;.WSH;.MSC'
    'PROCESSOR_ARCHITECTURE' => 'x86'
    'PROCESSOR_IDENTIFIER' => 'Intel64 Family 6 Model 60 Stepping 3, GenuineIntel'
    'PROCESSOR_LEVEL' => '6'
    'PROCESSOR_REVISION' => '3c03'
    'ProgramData' => 'C:\\ProgramData'
    'ProgramFiles' => 'C:\\Program Files (x86)'
    'ProgramFiles(x86)' => 'C:\\Program Files (x86)'
    'ProgramW6432' => 'C:\\Program Files'
    'PSModulePath' => 'C:\\Windows\\system32\\WindowsPowerShell\\v1.0\\Modules\\'
    'PUBLIC' => 'C:\\Users\\Public'
    'SystemDrive' => 'C:'
    'SystemRoot' => 'C:\\Windows'
    'TEMP' => 'C:\\Windows\\TEMP'
    'TMP' => 'C:\\Windows\\TEMP'
    'USERDOMAIN' => 'WORKGROUP'
    'USERNAME' => 'HA-PC$'
    'USERPROFILE' => 'C:\\Windows\\system32\\config\\systemprofile'
    'windir' => 'C:\\Windows'
    'windows_tracing_flags' => '3'
    'windows_tracing_logfile' => 'C:\\BVTBin\\Tests\\installpackage\\csilogfile.log'
    'ORIG_PATH_INFO' => '/index.php'
    'URL' => '/index.php'
    'SERVER_SOFTWARE' => 'Microsoft-IIS/7.5'
    'SERVER_PROTOCOL' => 'HTTP/1.1'
    'SERVER_PORT_SECURE' => '0'
    'SERVER_PORT' => '22225'
    'SERVER_NAME' => 'localhost'
    'SCRIPT_NAME' => '/index.php'
    'SCRIPT_FILENAME' => 'E:\\Project\\Workspace\\foresta\\frontend\\web\\index.php'
    'REQUEST_URI' => '/images/3.jpg'
    'REQUEST_METHOD' => 'GET'
    'REMOTE_USER' => ''
    'REMOTE_PORT' => '57240'
    'REMOTE_HOST' => '::1'
    'REMOTE_ADDR' => '::1'
    'QUERY_STRING' => ''
    'PATH_TRANSLATED' => 'E:\\Project\\Workspace\\foresta\\frontend\\web\\index.php'
    'LOGON_USER' => ''
    'LOCAL_ADDR' => '::1'
    'INSTANCE_META_PATH' => '/LM/W3SVC/36'
    'INSTANCE_NAME' => 'FORESTA'
    'INSTANCE_ID' => '36'
    'HTTPS_SERVER_SUBJECT' => ''
    'HTTPS_SERVER_ISSUER' => ''
    'HTTPS_SECRETKEYSIZE' => ''
    'HTTPS_KEYSIZE' => ''
    'HTTPS' => 'off'
    'GATEWAY_INTERFACE' => 'CGI/1.1'
    'DOCUMENT_ROOT' => 'E:\\Project\\Workspace\\foresta\\frontend\\web'
    'CONTENT_TYPE' => ''
    'CONTENT_LENGTH' => '0'
    'CERT_SUBJECT' => ''
    'CERT_SERIALNUMBER' => ''
    'CERT_ISSUER' => ''
    'CERT_FLAGS' => ''
    'CERT_COOKIE' => ''
    'AUTH_USER' => ''
    'AUTH_PASSWORD' => ''
    'AUTH_TYPE' => ''
    'APPL_PHYSICAL_PATH' => 'E:\\Project\\Workspace\\foresta\\frontend\\web\\'
    'APPL_MD_PATH' => '/LM/W3SVC/36/ROOT'
    'IIS_UrlRewriteModule' => '7.1.0871.0'
    'UNENCODED_URL' => '/images/3.jpg'
    'IIS_WasUrlRewritten' => '1'
    'HTTP_X_ORIGINAL_URL' => '/images/3.jpg'
    'HTTP_USER_AGENT' => 'Mozilla/5.0 (Windows NT 6.1; Win64; x64; rv:47.0) Gecko/20100101 Firefox/47.0'
    'HTTP_REFERER' => 'http://localhost:22225/services'
    'HTTP_HOST' => 'localhost:22225'
    'HTTP_COOKIE' => 'wp-settings-time-1=1467973919; _ga=GA1.1.1229641084.1470131378; PHPSESSID=hpiui335q3a4tqk97qajpis2n3; _csrf=3a26699ab732e9178e109d8b9d53d2d6a6fd012b402d7e77ea617779f8386f98a%3A2%3A%7Bi%3A0%3Bs%3A5%3A%22_csrf%22%3Bi%3A1%3Bs%3A32%3A%228PO0O7wQib2TJDn99YC13H06h68zOPDL%22%3B%7D; _csrf-frontend=123b38ab514b68a069643cd47f6e170910dc2f1da3f07dab5c6910887cd1c777a%3A2%3A%7Bi%3A0%3Bs%3A14%3A%22_csrf-frontend%22%3Bi%3A1%3Bs%3A32%3A%22s2QU3jxLYIsQkIbpLRhMZljAe4uN7MPw%22%3B%7D'
    'HTTP_ACCEPT_LANGUAGE' => 'en-US,en;q=0.5'
    'HTTP_ACCEPT_ENCODING' => 'gzip, deflate'
    'HTTP_ACCEPT' => '*/*'
    'HTTP_CONTENT_LENGTH' => '0'
    'HTTP_CONNECTION' => 'keep-alive'
    'FCGI_ROLE' => 'RESPONDER'
    'PHP_SELF' => '/index.php'
    'REQUEST_TIME_FLOAT' => 1472127207.2652
    'REQUEST_TIME' => 1472127207
]
2016-08-25 20:24:27 [::1][-][-][error][yii\web\HttpException:404] exception 'yii\base\InvalidRouteException' with message 'Unable to resolve the request "images/3.jpg".' in E:\Project\Workspace\foresta\vendor\yiisoft\yii2\base\Module.php:460
Stack trace:
#0 E:\Project\Workspace\foresta\vendor\yiisoft\yii2\web\Application.php(87): yii\base\Module->runAction('images/3.jpg', Array)
#1 E:\Project\Workspace\foresta\vendor\yiisoft\yii2\base\Application.php(375): yii\web\Application->handleRequest(Object(yii\web\Request))
#2 E:\Project\Workspace\foresta\frontend\web\index.php(18): yii\base\Application->run()
#3 {main}

Next exception 'yii\web\NotFoundHttpException' with message 'Page not found.' in E:\Project\Workspace\foresta\vendor\yiisoft\yii2\web\Application.php:99
Stack trace:
#0 E:\Project\Workspace\foresta\vendor\yiisoft\yii2\base\Application.php(375): yii\web\Application->handleRequest(Object(yii\web\Request))
#1 E:\Project\Workspace\foresta\frontend\web\index.php(18): yii\base\Application->run()
#2 {main}
2016-08-25 20:24:27 [::1][-][-][info][application] $_COOKIE = [
    'wp-settings-time-1' => '1467973919'
    '_ga' => 'GA1.1.1229641084.1470131378'
    'PHPSESSID' => 'hpiui335q3a4tqk97qajpis2n3'
    '_csrf' => '3a26699ab732e9178e109d8b9d53d2d6a6fd012b402d7e77ea617779f8386f98a:2:{i:0;s:5:\"_csrf\";i:1;s:32:\"8PO0O7wQib2TJDn99YC13H06h68zOPDL\";}'
    '_csrf-frontend' => '123b38ab514b68a069643cd47f6e170910dc2f1da3f07dab5c6910887cd1c777a:2:{i:0;s:14:\"_csrf-frontend\";i:1;s:32:\"s2QU3jxLYIsQkIbpLRhMZljAe4uN7MPw\";}'
]

$_SERVER = [
    'PROCESSOR_ARCHITEW6432' => 'AMD64'
    '_FCGI_X_PIPE_' => '\\\\.\\pipe\\IISFCGI-451ba7ee-669b-44f5-bb63-c4faae631580'
    'PHPRC' => 'C:\\PHP\\v5.5\\'
    'PHP_FCGI_MAX_REQUESTS' => '10000'
    'ALLUSERSPROFILE' => 'C:\\ProgramData'
    'APPDATA' => 'C:\\Windows\\system32\\config\\systemprofile\\AppData\\Roaming'
    'APP_POOL_CONFIG' => 'C:\\inetpub\\temp\\apppools\\foresta\\foresta.config'
    'APP_POOL_ID' => 'foresta'
    'asl_log' => 'Destination=file'
    'CommonProgramFiles' => 'C:\\Program Files (x86)\\Common Files'
    'CommonProgramFiles(x86)' => 'C:\\Program Files (x86)\\Common Files'
    'CommonProgramW6432' => 'C:\\Program Files\\Common Files'
    'COMPUTERNAME' => 'HA-PC'
    'ComSpec' => 'C:\\Windows\\system32\\cmd.exe'
    'C_EM64T_REDIST11' => 'C:\\Program Files (x86)\\Common Files\\Intel\\Shared Files\\cpp\\'
    'FP_NO_HOST_CHECK' => 'NO'
    'LOCALAPPDATA' => 'C:\\Windows\\system32\\config\\systemprofile\\AppData\\Local'
    'NUMBER_OF_PROCESSORS' => '4'
    'OPENSSL_CONF' => 'C:\\OpenSSL-Win64\\bin\\openssl.cfg'
    'OS' => 'Windows_NT'
    'Path' => 'C:\\Program Files (x86)\\Common Files\\Intel\\Shared Files\\cpp\\bin\\Intel64;C:\\Windows\\system32;C:\\Windows;C:\\Windows\\System32\\Wbem;C:\\Windows\\System32\\WindowsPowerShell\\v1.0\\;D:\\Driver\\Oracle\\InstallClient32;D:\\Driver\\Oracle\\instantclient_10_2;C:\\Program Files (x86)\\NVIDIA Corporation\\PhysX\\Common;C:\\PHP\\v5.5;C:\\Program Files\\nodejs\\;C:\\Program Files (x86)\\Skype\\Phone\\;C:\\Program Files\\Git\\cmd;C:\\Program Files\\TortoiseSVN\\bin;C:\\Program Files (x86)\\Microsoft SQL Server\\100\\Tools\\Binn\\;C:\\Program Files (x86)\\Microsoft SQL Server\\100\\DTS\\Binn\\;C:\\Program Files (x86)\\Microsoft SQL Server\\100\\Tools\\Binn\\VSShell\\Common7\\IDE\\'
    'PATHEXT' => '.COM;.EXE;.BAT;.CMD;.VBS;.VBE;.JS;.JSE;.WSF;.WSH;.MSC'
    'PROCESSOR_ARCHITECTURE' => 'x86'
    'PROCESSOR_IDENTIFIER' => 'Intel64 Family 6 Model 60 Stepping 3, GenuineIntel'
    'PROCESSOR_LEVEL' => '6'
    'PROCESSOR_REVISION' => '3c03'
    'ProgramData' => 'C:\\ProgramData'
    'ProgramFiles' => 'C:\\Program Files (x86)'
    'ProgramFiles(x86)' => 'C:\\Program Files (x86)'
    'ProgramW6432' => 'C:\\Program Files'
    'PSModulePath' => 'C:\\Windows\\system32\\WindowsPowerShell\\v1.0\\Modules\\'
    'PUBLIC' => 'C:\\Users\\Public'
    'SystemDrive' => 'C:'
    'SystemRoot' => 'C:\\Windows'
    'TEMP' => 'C:\\Windows\\TEMP'
    'TMP' => 'C:\\Windows\\TEMP'
    'USERDOMAIN' => 'WORKGROUP'
    'USERNAME' => 'HA-PC$'
    'USERPROFILE' => 'C:\\Windows\\system32\\config\\systemprofile'
    'windir' => 'C:\\Windows'
    'windows_tracing_flags' => '3'
    'windows_tracing_logfile' => 'C:\\BVTBin\\Tests\\installpackage\\csilogfile.log'
    'ORIG_PATH_INFO' => '/index.php'
    'URL' => '/index.php'
    'SERVER_SOFTWARE' => 'Microsoft-IIS/7.5'
    'SERVER_PROTOCOL' => 'HTTP/1.1'
    'SERVER_PORT_SECURE' => '0'
    'SERVER_PORT' => '22225'
    'SERVER_NAME' => 'localhost'
    'SCRIPT_NAME' => '/index.php'
    'SCRIPT_FILENAME' => 'E:\\Project\\Workspace\\foresta\\frontend\\web\\index.php'
    'REQUEST_URI' => '/images/3.jpg'
    'REQUEST_METHOD' => 'GET'
    'REMOTE_USER' => ''
    'REMOTE_PORT' => '57285'
    'REMOTE_HOST' => '::1'
    'REMOTE_ADDR' => '::1'
    'QUERY_STRING' => ''
    'PATH_TRANSLATED' => 'E:\\Project\\Workspace\\foresta\\frontend\\web\\index.php'
    'LOGON_USER' => ''
    'LOCAL_ADDR' => '::1'
    'INSTANCE_META_PATH' => '/LM/W3SVC/36'
    'INSTANCE_NAME' => 'FORESTA'
    'INSTANCE_ID' => '36'
    'HTTPS_SERVER_SUBJECT' => ''
    'HTTPS_SERVER_ISSUER' => ''
    'HTTPS_SECRETKEYSIZE' => ''
    'HTTPS_KEYSIZE' => ''
    'HTTPS' => 'off'
    'GATEWAY_INTERFACE' => 'CGI/1.1'
    'DOCUMENT_ROOT' => 'E:\\Project\\Workspace\\foresta\\frontend\\web'
    'CONTENT_TYPE' => ''
    'CONTENT_LENGTH' => '0'
    'CERT_SUBJECT' => ''
    'CERT_SERIALNUMBER' => ''
    'CERT_ISSUER' => ''
    'CERT_FLAGS' => ''
    'CERT_COOKIE' => ''
    'AUTH_USER' => ''
    'AUTH_PASSWORD' => ''
    'AUTH_TYPE' => ''
    'APPL_PHYSICAL_PATH' => 'E:\\Project\\Workspace\\foresta\\frontend\\web\\'
    'APPL_MD_PATH' => '/LM/W3SVC/36/ROOT'
    'IIS_UrlRewriteModule' => '7.1.0871.0'
    'UNENCODED_URL' => '/images/3.jpg'
    'IIS_WasUrlRewritten' => '1'
    'HTTP_X_ORIGINAL_URL' => '/images/3.jpg'
    'HTTP_USER_AGENT' => 'Mozilla/5.0 (Windows NT 6.1; Win64; x64; rv:47.0) Gecko/20100101 Firefox/47.0'
    'HTTP_REFERER' => 'http://localhost:22225/services'
    'HTTP_HOST' => 'localhost:22225'
    'HTTP_COOKIE' => 'wp-settings-time-1=1467973919; _ga=GA1.1.1229641084.1470131378; PHPSESSID=hpiui335q3a4tqk97qajpis2n3; _csrf=3a26699ab732e9178e109d8b9d53d2d6a6fd012b402d7e77ea617779f8386f98a%3A2%3A%7Bi%3A0%3Bs%3A5%3A%22_csrf%22%3Bi%3A1%3Bs%3A32%3A%228PO0O7wQib2TJDn99YC13H06h68zOPDL%22%3B%7D; _csrf-frontend=123b38ab514b68a069643cd47f6e170910dc2f1da3f07dab5c6910887cd1c777a%3A2%3A%7Bi%3A0%3Bs%3A14%3A%22_csrf-frontend%22%3Bi%3A1%3Bs%3A32%3A%22s2QU3jxLYIsQkIbpLRhMZljAe4uN7MPw%22%3B%7D'
    'HTTP_ACCEPT_LANGUAGE' => 'en-US,en;q=0.5'
    'HTTP_ACCEPT_ENCODING' => 'gzip, deflate'
    'HTTP_ACCEPT' => '*/*'
    'HTTP_CONTENT_LENGTH' => '0'
    'HTTP_CONNECTION' => 'keep-alive'
    'FCGI_ROLE' => 'RESPONDER'
    'PHP_SELF' => '/index.php'
    'REQUEST_TIME_FLOAT' => 1472127867.592
    'REQUEST_TIME' => 1472127867
]
2016-08-25 20:36:43 [::1][-][-][error][yii\web\HttpException:404] exception 'yii\base\InvalidRouteException' with message 'Unable to resolve the request "images/3.jpg".' in E:\Project\Workspace\foresta\vendor\yiisoft\yii2\base\Module.php:460
Stack trace:
#0 E:\Project\Workspace\foresta\vendor\yiisoft\yii2\web\Application.php(87): yii\base\Module->runAction('images/3.jpg', Array)
#1 E:\Project\Workspace\foresta\vendor\yiisoft\yii2\base\Application.php(375): yii\web\Application->handleRequest(Object(yii\web\Request))
#2 E:\Project\Workspace\foresta\frontend\web\index.php(18): yii\base\Application->run()
#3 {main}

Next exception 'yii\web\NotFoundHttpException' with message 'Page not found.' in E:\Project\Workspace\foresta\vendor\yiisoft\yii2\web\Application.php:99
Stack trace:
#0 E:\Project\Workspace\foresta\vendor\yiisoft\yii2\base\Application.php(375): yii\web\Application->handleRequest(Object(yii\web\Request))
#1 E:\Project\Workspace\foresta\frontend\web\index.php(18): yii\base\Application->run()
#2 {main}
2016-08-25 20:36:43 [::1][-][-][info][application] $_COOKIE = [
    'wp-settings-time-1' => '1467973919'
    '_ga' => 'GA1.1.1229641084.1470131378'
    'PHPSESSID' => 'hpiui335q3a4tqk97qajpis2n3'
    '_csrf' => '3a26699ab732e9178e109d8b9d53d2d6a6fd012b402d7e77ea617779f8386f98a:2:{i:0;s:5:\"_csrf\";i:1;s:32:\"8PO0O7wQib2TJDn99YC13H06h68zOPDL\";}'
    '_csrf-frontend' => '123b38ab514b68a069643cd47f6e170910dc2f1da3f07dab5c6910887cd1c777a:2:{i:0;s:14:\"_csrf-frontend\";i:1;s:32:\"s2QU3jxLYIsQkIbpLRhMZljAe4uN7MPw\";}'
]

$_SERVER = [
    'PROCESSOR_ARCHITEW6432' => 'AMD64'
    '_FCGI_X_PIPE_' => '\\\\.\\pipe\\IISFCGI-d3e6ec50-bf60-42a8-83c8-fc38e5b77c76'
    'PHPRC' => 'C:\\PHP\\v5.5\\'
    'PHP_FCGI_MAX_REQUESTS' => '10000'
    'ALLUSERSPROFILE' => 'C:\\ProgramData'
    'APPDATA' => 'C:\\Windows\\system32\\config\\systemprofile\\AppData\\Roaming'
    'APP_POOL_CONFIG' => 'C:\\inetpub\\temp\\apppools\\foresta\\foresta.config'
    'APP_POOL_ID' => 'foresta'
    'asl_log' => 'Destination=file'
    'CommonProgramFiles' => 'C:\\Program Files (x86)\\Common Files'
    'CommonProgramFiles(x86)' => 'C:\\Program Files (x86)\\Common Files'
    'CommonProgramW6432' => 'C:\\Program Files\\Common Files'
    'COMPUTERNAME' => 'HA-PC'
    'ComSpec' => 'C:\\Windows\\system32\\cmd.exe'
    'C_EM64T_REDIST11' => 'C:\\Program Files (x86)\\Common Files\\Intel\\Shared Files\\cpp\\'
    'FP_NO_HOST_CHECK' => 'NO'
    'LOCALAPPDATA' => 'C:\\Windows\\system32\\config\\systemprofile\\AppData\\Local'
    'NUMBER_OF_PROCESSORS' => '4'
    'OPENSSL_CONF' => 'C:\\OpenSSL-Win64\\bin\\openssl.cfg'
    'OS' => 'Windows_NT'
    'Path' => 'C:\\Program Files (x86)\\Common Files\\Intel\\Shared Files\\cpp\\bin\\Intel64;C:\\Windows\\system32;C:\\Windows;C:\\Windows\\System32\\Wbem;C:\\Windows\\System32\\WindowsPowerShell\\v1.0\\;D:\\Driver\\Oracle\\InstallClient32;D:\\Driver\\Oracle\\instantclient_10_2;C:\\Program Files (x86)\\NVIDIA Corporation\\PhysX\\Common;C:\\PHP\\v5.5;C:\\Program Files\\nodejs\\;C:\\Program Files (x86)\\Skype\\Phone\\;C:\\Program Files\\Git\\cmd;C:\\Program Files\\TortoiseSVN\\bin;C:\\Program Files (x86)\\Microsoft SQL Server\\100\\Tools\\Binn\\;C:\\Program Files (x86)\\Microsoft SQL Server\\100\\DTS\\Binn\\;C:\\Program Files (x86)\\Microsoft SQL Server\\100\\Tools\\Binn\\VSShell\\Common7\\IDE\\'
    'PATHEXT' => '.COM;.EXE;.BAT;.CMD;.VBS;.VBE;.JS;.JSE;.WSF;.WSH;.MSC'
    'PROCESSOR_ARCHITECTURE' => 'x86'
    'PROCESSOR_IDENTIFIER' => 'Intel64 Family 6 Model 60 Stepping 3, GenuineIntel'
    'PROCESSOR_LEVEL' => '6'
    'PROCESSOR_REVISION' => '3c03'
    'ProgramData' => 'C:\\ProgramData'
    'ProgramFiles' => 'C:\\Program Files (x86)'
    'ProgramFiles(x86)' => 'C:\\Program Files (x86)'
    'ProgramW6432' => 'C:\\Program Files'
    'PSModulePath' => 'C:\\Windows\\system32\\WindowsPowerShell\\v1.0\\Modules\\'
    'PUBLIC' => 'C:\\Users\\Public'
    'SystemDrive' => 'C:'
    'SystemRoot' => 'C:\\Windows'
    'TEMP' => 'C:\\Windows\\TEMP'
    'TMP' => 'C:\\Windows\\TEMP'
    'USERDOMAIN' => 'WORKGROUP'
    'USERNAME' => 'HA-PC$'
    'USERPROFILE' => 'C:\\Windows\\system32\\config\\systemprofile'
    'windir' => 'C:\\Windows'
    'windows_tracing_flags' => '3'
    'windows_tracing_logfile' => 'C:\\BVTBin\\Tests\\installpackage\\csilogfile.log'
    'ORIG_PATH_INFO' => '/index.php'
    'URL' => '/index.php'
    'SERVER_SOFTWARE' => 'Microsoft-IIS/7.5'
    'SERVER_PROTOCOL' => 'HTTP/1.1'
    'SERVER_PORT_SECURE' => '0'
    'SERVER_PORT' => '22225'
    'SERVER_NAME' => 'localhost'
    'SCRIPT_NAME' => '/index.php'
    'SCRIPT_FILENAME' => 'E:\\Project\\Workspace\\foresta\\frontend\\web\\index.php'
    'REQUEST_URI' => '/images/3.jpg'
    'REQUEST_METHOD' => 'GET'
    'REMOTE_USER' => ''
    'REMOTE_PORT' => '57415'
    'REMOTE_HOST' => '::1'
    'REMOTE_ADDR' => '::1'
    'QUERY_STRING' => ''
    'PATH_TRANSLATED' => 'E:\\Project\\Workspace\\foresta\\frontend\\web\\index.php'
    'LOGON_USER' => ''
    'LOCAL_ADDR' => '::1'
    'INSTANCE_META_PATH' => '/LM/W3SVC/36'
    'INSTANCE_NAME' => 'FORESTA'
    'INSTANCE_ID' => '36'
    'HTTPS_SERVER_SUBJECT' => ''
    'HTTPS_SERVER_ISSUER' => ''
    'HTTPS_SECRETKEYSIZE' => ''
    'HTTPS_KEYSIZE' => ''
    'HTTPS' => 'off'
    'GATEWAY_INTERFACE' => 'CGI/1.1'
    'DOCUMENT_ROOT' => 'E:\\Project\\Workspace\\foresta\\frontend\\web'
    'CONTENT_TYPE' => ''
    'CONTENT_LENGTH' => '0'
    'CERT_SUBJECT' => ''
    'CERT_SERIALNUMBER' => ''
    'CERT_ISSUER' => ''
    'CERT_FLAGS' => ''
    'CERT_COOKIE' => ''
    'AUTH_USER' => ''
    'AUTH_PASSWORD' => ''
    'AUTH_TYPE' => ''
    'APPL_PHYSICAL_PATH' => 'E:\\Project\\Workspace\\foresta\\frontend\\web\\'
    'APPL_MD_PATH' => '/LM/W3SVC/36/ROOT'
    'IIS_UrlRewriteModule' => '7.1.0871.0'
    'UNENCODED_URL' => '/images/3.jpg'
    'IIS_WasUrlRewritten' => '1'
    'HTTP_X_ORIGINAL_URL' => '/images/3.jpg'
    'HTTP_USER_AGENT' => 'Mozilla/5.0 (Windows NT 6.1; Win64; x64; rv:47.0) Gecko/20100101 Firefox/47.0'
    'HTTP_REFERER' => 'http://localhost:22225/services'
    'HTTP_HOST' => 'localhost:22225'
    'HTTP_COOKIE' => 'wp-settings-time-1=1467973919; _ga=GA1.1.1229641084.1470131378; PHPSESSID=hpiui335q3a4tqk97qajpis2n3; _csrf=3a26699ab732e9178e109d8b9d53d2d6a6fd012b402d7e77ea617779f8386f98a%3A2%3A%7Bi%3A0%3Bs%3A5%3A%22_csrf%22%3Bi%3A1%3Bs%3A32%3A%228PO0O7wQib2TJDn99YC13H06h68zOPDL%22%3B%7D; _csrf-frontend=123b38ab514b68a069643cd47f6e170910dc2f1da3f07dab5c6910887cd1c777a%3A2%3A%7Bi%3A0%3Bs%3A14%3A%22_csrf-frontend%22%3Bi%3A1%3Bs%3A32%3A%22s2QU3jxLYIsQkIbpLRhMZljAe4uN7MPw%22%3B%7D'
    'HTTP_ACCEPT_LANGUAGE' => 'en-US,en;q=0.5'
    'HTTP_ACCEPT_ENCODING' => 'gzip, deflate'
    'HTTP_ACCEPT' => '*/*'
    'HTTP_CONTENT_LENGTH' => '0'
    'HTTP_CONNECTION' => 'keep-alive'
    'FCGI_ROLE' => 'RESPONDER'
    'PHP_SELF' => '/index.php'
    'REQUEST_TIME_FLOAT' => 1472128603.3751
    'REQUEST_TIME' => 1472128603
]
2016-08-27 18:31:36 [::1][-][-][error][yii\web\HttpException:404] exception 'yii\base\InvalidRouteException' with message 'Unable to resolve the request "'".' in E:\Project\Workspace\foresta\vendor\yiisoft\yii2\base\Module.php:460
Stack trace:
#0 E:\Project\Workspace\foresta\vendor\yiisoft\yii2\web\Application.php(87): yii\base\Module->runAction(''', Array)
#1 E:\Project\Workspace\foresta\vendor\yiisoft\yii2\base\Application.php(375): yii\web\Application->handleRequest(Object(yii\web\Request))
#2 E:\Project\Workspace\foresta\frontend\web\index.php(18): yii\base\Application->run()
#3 {main}

Next exception 'yii\web\NotFoundHttpException' with message 'Page not found.' in E:\Project\Workspace\foresta\vendor\yiisoft\yii2\web\Application.php:99
Stack trace:
#0 E:\Project\Workspace\foresta\vendor\yiisoft\yii2\base\Application.php(375): yii\web\Application->handleRequest(Object(yii\web\Request))
#1 E:\Project\Workspace\foresta\frontend\web\index.php(18): yii\base\Application->run()
#2 {main}
2016-08-27 18:31:36 [::1][-][-][info][application] $_COOKIE = [
    '_ga' => 'GA1.1.1717502155.1458703545'
    '__RC' => '4'
    '__R' => '1'
    '__tb' => '0'
    '__utma' => '111872281.1717502155.1458703545.1458703546.1458703546.1'
    '__utmz' => '111872281.1458703546.1.1.utmcsr=(direct)|utmccn=(direct)|utmcmd=(none)'
    'ming_key' => ''
    '__ltma' => '111872281.48710907.199880307'
    'CID1' => '1458703549024.20542.77486207459'
    'PHPSESSID' => 'od79f6m7ak39i1a0vc1k3eaca1'
    '_csrf' => 'c9b1dcecdd76467b123456736f7ae1e32c6006cebc66ebaa917c23459c8b04c9a:2:{i:0;s:5:\"_csrf\";i:1;s:32:\"xq7w7Tv8UH_ps50HtRCwREPP6hOGvK5O\";}'
    '_csrf-frontend' => '127a1d3939029a7ae4f34232eda01b967c135809b8b58629ec44e539e0661ed4a:2:{i:0;s:14:\"_csrf-frontend\";i:1;s:32:\"HBQ35enf0kQBSzaBfp2GcUejbl52k3od\";}'
]

$_SERVER = [
    'PROCESSOR_ARCHITEW6432' => 'AMD64'
    '_FCGI_X_PIPE_' => '\\\\.\\pipe\\IISFCGI-f72dbf64-868d-401b-ab07-445a4772743a'
    'PHPRC' => 'C:\\PHP\\v5.5\\'
    'PHP_FCGI_MAX_REQUESTS' => '10000'
    'ALLUSERSPROFILE' => 'C:\\ProgramData'
    'APPDATA' => 'C:\\Windows\\system32\\config\\systemprofile\\AppData\\Roaming'
    'APP_POOL_CONFIG' => 'C:\\inetpub\\temp\\apppools\\foresta\\foresta.config'
    'APP_POOL_ID' => 'foresta'
    'asl_log' => 'Destination=file'
    'CommonProgramFiles' => 'C:\\Program Files (x86)\\Common Files'
    'CommonProgramFiles(x86)' => 'C:\\Program Files (x86)\\Common Files'
    'CommonProgramW6432' => 'C:\\Program Files\\Common Files'
    'COMPUTERNAME' => 'HA-PC'
    'ComSpec' => 'C:\\Windows\\system32\\cmd.exe'
    'C_EM64T_REDIST11' => 'C:\\Program Files (x86)\\Common Files\\Intel\\Shared Files\\cpp\\'
    'FP_NO_HOST_CHECK' => 'NO'
    'LOCALAPPDATA' => 'C:\\Windows\\system32\\config\\systemprofile\\AppData\\Local'
    'NUMBER_OF_PROCESSORS' => '4'
    'OPENSSL_CONF' => 'C:\\OpenSSL-Win64\\bin\\openssl.cfg'
    'OS' => 'Windows_NT'
    'Path' => 'C:\\Program Files (x86)\\Common Files\\Intel\\Shared Files\\cpp\\bin\\Intel64;C:\\Windows\\system32;C:\\Windows;C:\\Windows\\System32\\Wbem;C:\\Windows\\System32\\WindowsPowerShell\\v1.0\\;D:\\Driver\\Oracle\\InstallClient32;D:\\Driver\\Oracle\\instantclient_10_2;C:\\Program Files (x86)\\NVIDIA Corporation\\PhysX\\Common;C:\\PHP\\v5.5;C:\\Program Files\\nodejs\\;C:\\Program Files (x86)\\Skype\\Phone\\;C:\\Program Files\\Git\\cmd;C:\\Program Files\\TortoiseSVN\\bin;C:\\Program Files (x86)\\Microsoft SQL Server\\100\\Tools\\Binn\\;C:\\Program Files (x86)\\Microsoft SQL Server\\100\\DTS\\Binn\\;C:\\Program Files (x86)\\Microsoft SQL Server\\100\\Tools\\Binn\\VSShell\\Common7\\IDE\\'
    'PATHEXT' => '.COM;.EXE;.BAT;.CMD;.VBS;.VBE;.JS;.JSE;.WSF;.WSH;.MSC'
    'PROCESSOR_ARCHITECTURE' => 'x86'
    'PROCESSOR_IDENTIFIER' => 'Intel64 Family 6 Model 60 Stepping 3, GenuineIntel'
    'PROCESSOR_LEVEL' => '6'
    'PROCESSOR_REVISION' => '3c03'
    'ProgramData' => 'C:\\ProgramData'
    'ProgramFiles' => 'C:\\Program Files (x86)'
    'ProgramFiles(x86)' => 'C:\\Program Files (x86)'
    'ProgramW6432' => 'C:\\Program Files'
    'PSModulePath' => 'C:\\Windows\\system32\\WindowsPowerShell\\v1.0\\Modules\\'
    'PUBLIC' => 'C:\\Users\\Public'
    'SystemDrive' => 'C:'
    'SystemRoot' => 'C:\\Windows'
    'TEMP' => 'C:\\Windows\\TEMP'
    'TMP' => 'C:\\Windows\\TEMP'
    'USERDOMAIN' => 'WORKGROUP'
    'USERNAME' => 'HA-PC$'
    'USERPROFILE' => 'C:\\Windows\\system32\\config\\systemprofile'
    'windir' => 'C:\\Windows'
    'windows_tracing_flags' => '3'
    'windows_tracing_logfile' => 'C:\\BVTBin\\Tests\\installpackage\\csilogfile.log'
    'ORIG_PATH_INFO' => '/index.php'
    'URL' => '/index.php'
    'SERVER_SOFTWARE' => 'Microsoft-IIS/7.5'
    'SERVER_PROTOCOL' => 'HTTP/1.1'
    'SERVER_PORT_SECURE' => '0'
    'SERVER_PORT' => '22225'
    'SERVER_NAME' => 'localhost'
    'SCRIPT_NAME' => '/index.php'
    'SCRIPT_FILENAME' => 'E:\\Project\\Workspace\\foresta\\frontend\\web\\index.php'
    'REQUEST_URI' => '/\''
    'REQUEST_METHOD' => 'GET'
    'REMOTE_USER' => ''
    'REMOTE_PORT' => '55534'
    'REMOTE_HOST' => '::1'
    'REMOTE_ADDR' => '::1'
    'QUERY_STRING' => ''
    'PATH_TRANSLATED' => 'E:\\Project\\Workspace\\foresta\\frontend\\web\\index.php'
    'LOGON_USER' => ''
    'LOCAL_ADDR' => '::1'
    'INSTANCE_META_PATH' => '/LM/W3SVC/36'
    'INSTANCE_NAME' => 'FORESTA'
    'INSTANCE_ID' => '36'
    'HTTPS_SERVER_SUBJECT' => ''
    'HTTPS_SERVER_ISSUER' => ''
    'HTTPS_SECRETKEYSIZE' => ''
    'HTTPS_KEYSIZE' => ''
    'HTTPS' => 'off'
    'GATEWAY_INTERFACE' => 'CGI/1.1'
    'DOCUMENT_ROOT' => 'E:\\Project\\Workspace\\foresta\\frontend\\web'
    'CONTENT_TYPE' => ''
    'CONTENT_LENGTH' => '0'
    'CERT_SUBJECT' => ''
    'CERT_SERIALNUMBER' => ''
    'CERT_ISSUER' => ''
    'CERT_FLAGS' => ''
    'CERT_COOKIE' => ''
    'AUTH_USER' => ''
    'AUTH_PASSWORD' => ''
    'AUTH_TYPE' => ''
    'APPL_PHYSICAL_PATH' => 'E:\\Project\\Workspace\\foresta\\frontend\\web\\'
    'APPL_MD_PATH' => '/LM/W3SVC/36/ROOT'
    'IIS_UrlRewriteModule' => '7.1.0871.0'
    'UNENCODED_URL' => '/\''
    'IIS_WasUrlRewritten' => '1'
    'HTTP_X_ORIGINAL_URL' => '/\''
    'HTTP_UPGRADE_INSECURE_REQUESTS' => '1'
    'HTTP_USER_AGENT' => 'Mozilla/5.0 (Windows NT 6.1; WOW64) AppleWebKit/537.36 (KHTML, like Gecko) Chrome/52.0.2743.116 Safari/537.36'
    'HTTP_HOST' => 'localhost:22225'
    'HTTP_COOKIE' => '_ga=GA1.1.1717502155.1458703545; __RC=4; __R=1; __tb=0; __utma=111872281.1717502155.1458703545.1458703546.1458703546.1; __utmz=111872281.1458703546.1.1.utmcsr=(direct)|utmccn=(direct)|utmcmd=(none); ming_key=; __ltma=111872281.48710907.199880307; CID1=1458703549024.20542.77486207459; PHPSESSID=od79f6m7ak39i1a0vc1k3eaca1; _csrf=c9b1dcecdd76467b123456736f7ae1e32c6006cebc66ebaa917c23459c8b04c9a%3A2%3A%7Bi%3A0%3Bs%3A5%3A%22_csrf%22%3Bi%3A1%3Bs%3A32%3A%22xq7w7Tv8UH_ps50HtRCwREPP6hOGvK5O%22%3B%7D; _csrf-frontend=127a1d3939029a7ae4f34232eda01b967c135809b8b58629ec44e539e0661ed4a%3A2%3A%7Bi%3A0%3Bs%3A14%3A%22_csrf-frontend%22%3Bi%3A1%3Bs%3A32%3A%22HBQ35enf0kQBSzaBfp2GcUejbl52k3od%22%3B%7D'
    'HTTP_ACCEPT_LANGUAGE' => 'vi-VN,vi;q=0.8,en-US;q=0.6,en;q=0.4'
    'HTTP_ACCEPT_ENCODING' => 'gzip, deflate, sdch'
    'HTTP_ACCEPT' => 'text/html,application/xhtml+xml,application/xml;q=0.9,image/webp,*/*;q=0.8'
    'HTTP_CONTENT_LENGTH' => '0'
    'HTTP_CONNECTION' => 'keep-alive'
    'FCGI_ROLE' => 'RESPONDER'
    'PHP_SELF' => '/index.php'
    'REQUEST_TIME_FLOAT' => 1472293896.0656
    'REQUEST_TIME' => 1472293896
]
2016-08-28 01:47:15 [::1][-][-][error][yii\web\HttpException:404] exception 'yii\base\InvalidRouteException' with message 'Unable to resolve the request "images/3.jpg".' in D:\Project\WorkSpace\foresta.vn\vendor\yiisoft\yii2\base\Module.php:460
Stack trace:
#0 D:\Project\WorkSpace\foresta.vn\vendor\yiisoft\yii2\web\Application.php(87): yii\base\Module->runAction('images/3.jpg', Array)
#1 D:\Project\WorkSpace\foresta.vn\vendor\yiisoft\yii2\base\Application.php(375): yii\web\Application->handleRequest(Object(yii\web\Request))
#2 D:\Project\WorkSpace\foresta.vn\frontend\web\index.php(18): yii\base\Application->run()
#3 {main}

Next exception 'yii\web\NotFoundHttpException' with message 'Page not found.' in D:\Project\WorkSpace\foresta.vn\vendor\yiisoft\yii2\web\Application.php:99
Stack trace:
#0 D:\Project\WorkSpace\foresta.vn\vendor\yiisoft\yii2\base\Application.php(375): yii\web\Application->handleRequest(Object(yii\web\Request))
#1 D:\Project\WorkSpace\foresta.vn\frontend\web\index.php(18): yii\base\Application->run()
#2 {main}
2016-08-28 01:47:14 [::1][-][-][info][application] $_COOKIE = [
    '_csrf-frontend' => 'c4f978fa561e7992d0fc194ccbdada2f2e980c2dc12753591791fb9f887eff48a:2:{i:0;s:14:\"_csrf-frontend\";i:1;s:32:\"Yo1dunPez6sDajmqJuLc_4aOLV2iOaDc\";}'
]

$_SERVER = [
    'PROCESSOR_ARCHITEW6432' => 'AMD64'
    '_FCGI_X_PIPE_' => '\\\\.\\pipe\\IISFCGI-994cb5e1-a56a-4f36-99f6-fb69ac88d193'
    'PHPRC' => 'C:\\PHP\\v5.6\\'
    'PHP_FCGI_MAX_REQUESTS' => '10000'
    'ALLUSERSPROFILE' => 'C:\\ProgramData'
    'APPDATA' => 'C:\\Windows\\system32\\config\\systemprofile\\AppData\\Roaming'
    'APP_POOL_CONFIG' => 'C:\\inetpub\\temp\\apppools\\foresta\\foresta.config'
    'APP_POOL_ID' => 'foresta'
    'CommonProgramFiles' => 'C:\\Program Files (x86)\\Common Files'
    'CommonProgramFiles(x86)' => 'C:\\Program Files (x86)\\Common Files'
    'CommonProgramW6432' => 'C:\\Program Files\\Common Files'
    'COMPUTERNAME' => 'HA-PC'
    'ComSpec' => 'C:\\Windows\\system32\\cmd.exe'
    'FP_NO_HOST_CHECK' => 'NO'
    'LOCALAPPDATA' => 'C:\\Windows\\system32\\config\\systemprofile\\AppData\\Local'
    'NUMBER_OF_PROCESSORS' => '4'
    'OS' => 'Windows_NT'
    'Path' => 'C:\\Program Files (x86)\\NVIDIA Corporation\\PhysX\\Common;C:\\Windows\\system32;C:\\Windows;C:\\Windows\\System32\\Wbem;C:\\Windows\\System32\\WindowsPowerShell\\v1.0\\;C:\\Program Files\\WIDCOMM\\Bluetooth Software\\;C:\\Program Files\\WIDCOMM\\Bluetooth Software\\syswow64;;C:\\Program Files\\Dell\\DW WLAN Card;C:\\Program Files (x86)\\Skype\\Phone\\;'
    'PATHEXT' => '.COM;.EXE;.BAT;.CMD;.VBS;.VBE;.JS;.JSE;.WSF;.WSH;.MSC'
    'PROCESSOR_ARCHITECTURE' => 'x86'
    'PROCESSOR_IDENTIFIER' => 'Intel64 Family 6 Model 37 Stepping 2, GenuineIntel'
    'PROCESSOR_LEVEL' => '6'
    'PROCESSOR_REVISION' => '2502'
    'ProgramData' => 'C:\\ProgramData'
    'ProgramFiles' => 'C:\\Program Files (x86)'
    'ProgramFiles(x86)' => 'C:\\Program Files (x86)'
    'ProgramW6432' => 'C:\\Program Files'
    'PSModulePath' => 'C:\\Windows\\system32\\WindowsPowerShell\\v1.0\\Modules\\'
    'PUBLIC' => 'C:\\Users\\Public'
    'SystemDrive' => 'C:'
    'SystemRoot' => 'C:\\Windows'
    'TEMP' => 'C:\\Windows\\TEMP'
    'TMP' => 'C:\\Windows\\TEMP'
    'USERDOMAIN' => 'WORKGROUP'
    'USERNAME' => 'HA-PC$'
    'USERPROFILE' => 'C:\\Windows\\system32\\config\\systemprofile'
    'windir' => 'C:\\Windows'
    'windows_tracing_flags' => '3'
    'windows_tracing_logfile' => 'C:\\BVTBin\\Tests\\installpackage\\csilogfile.log'
    'ORIG_PATH_INFO' => '/index.php'
    'URL' => '/index.php'
    'SERVER_SOFTWARE' => 'Microsoft-IIS/7.5'
    'SERVER_PROTOCOL' => 'HTTP/1.1'
    'SERVER_PORT_SECURE' => '0'
    'SERVER_PORT' => '22225'
    'SERVER_NAME' => 'localhost'
    'SCRIPT_NAME' => '/index.php'
    'SCRIPT_FILENAME' => 'D:\\Project\\WorkSpace\\foresta.vn\\frontend\\web\\index.php'
    'REQUEST_URI' => '/images/3.jpg'
    'REQUEST_METHOD' => 'GET'
    'REMOTE_USER' => ''
    'REMOTE_PORT' => '50803'
    'REMOTE_HOST' => '::1'
    'REMOTE_ADDR' => '::1'
    'QUERY_STRING' => ''
    'PATH_TRANSLATED' => 'D:\\Project\\WorkSpace\\foresta.vn\\frontend\\web\\index.php'
    'LOGON_USER' => ''
    'LOCAL_ADDR' => '::1'
    'INSTANCE_META_PATH' => '/LM/W3SVC/3'
    'INSTANCE_NAME' => 'FORESTA'
    'INSTANCE_ID' => '3'
    'HTTPS_SERVER_SUBJECT' => ''
    'HTTPS_SERVER_ISSUER' => ''
    'HTTPS_SECRETKEYSIZE' => ''
    'HTTPS_KEYSIZE' => ''
    'HTTPS' => 'off'
    'GATEWAY_INTERFACE' => 'CGI/1.1'
    'DOCUMENT_ROOT' => 'D:\\Project\\WorkSpace\\foresta.vn\\frontend\\web'
    'CONTENT_TYPE' => ''
    'CONTENT_LENGTH' => '0'
    'CERT_SUBJECT' => ''
    'CERT_SERIALNUMBER' => ''
    'CERT_ISSUER' => ''
    'CERT_FLAGS' => ''
    'CERT_COOKIE' => ''
    'AUTH_USER' => ''
    'AUTH_PASSWORD' => ''
    'AUTH_TYPE' => ''
    'APPL_PHYSICAL_PATH' => 'D:\\Project\\WorkSpace\\foresta.vn\\frontend\\web\\'
    'APPL_MD_PATH' => '/LM/W3SVC/3/ROOT'
    'IIS_UrlRewriteModule' => '7.1.0871.0'
    'UNENCODED_URL' => '/images/3.jpg'
    'IIS_WasUrlRewritten' => '1'
    'HTTP_X_ORIGINAL_URL' => '/images/3.jpg'
    'HTTP_USER_AGENT' => 'Mozilla/5.0 (Windows NT 6.1; WOW64; rv:47.0) Gecko/20100101 Firefox/47.0'
    'HTTP_REFERER' => 'http://localhost:22225/'
    'HTTP_HOST' => 'localhost:22225'
    'HTTP_COOKIE' => '_csrf-frontend=c4f978fa561e7992d0fc194ccbdada2f2e980c2dc12753591791fb9f887eff48a%3A2%3A%7Bi%3A0%3Bs%3A14%3A%22_csrf-frontend%22%3Bi%3A1%3Bs%3A32%3A%22Yo1dunPez6sDajmqJuLc_4aOLV2iOaDc%22%3B%7D'
    'HTTP_ACCEPT_LANGUAGE' => 'vi-VN,vi;q=0.8,en-US;q=0.5,en;q=0.3'
    'HTTP_ACCEPT_ENCODING' => 'gzip, deflate'
    'HTTP_ACCEPT' => '*/*'
    'HTTP_CONTENT_LENGTH' => '0'
    'HTTP_CONNECTION' => 'keep-alive'
    'FCGI_ROLE' => 'RESPONDER'
    'PHP_SELF' => '/index.php'
    'REQUEST_TIME_FLOAT' => 1472323634.5276
    'REQUEST_TIME' => 1472323634
]
